[LOG] System::create                           : Header version = 1.10.00. Current version = 1.10.00.
[LOG] Manager::init                            : maxchannels = 256 studioflags = 00000006 flags 00000000 extradriverdata 0000000000000000.
[LOG] SystemI::init                            : FMOD Studio Version: 00011000 (90329)
[LOG] SystemI::init                            : maxchannels = 256, flags = 00020000, extradriverdata = 0000000000000000
[LOG] SystemI::setOutputInternal               : Setting output to type 0
[LOG] SystemI::setOutputInternal               : Setting output to type 8
[LOG] SystemI::setOutputInternal               : Setting output to type 8
[LOG] OutputWASAPI::init                       : Mix Format (WAVEFORMATEX): wFormatTag=0xFFFE, nChannels=2, nSamplesPerSec=48000, nAvgBytesPerSec=384000, nBlockAlign=8, wBitsPerSample=32, cbSize=22.
[LOG] OutputWASAPI::init                       : Mix Format (WAVEFORMATEXTENSIBLE): wValidBitsPerSample=32, dwChannelMask=0x00000003, SubFormat=00000003-0000-0010-8000-00AA00389B71.
[LOG] OutputWASAPI::init                       : Output buffer size: 4096 samples, latency: 0.00ms, period: 10.00ms, DSP buffer: 1024 * 4
[LOG] SystemI::init                            : Create master channel group and master sound group.
[LOG] SystemI::init                            : Set up emulated output.  256 channels
[LOG] SystemI::init                            : create the channel pool
[LOG] SystemI::init                            : create the stream thread
[LOG] Thread::initThread                       : Init FMOD stream thread. Priority: 2, Stack Size: 65536, Semaphore: No, Sleep Time: 10, Looping: Yes.
[LOG] Thread::initThread                       : Init FMOD mixer thread. Priority: 3, Stack Size: 49152, Semaphore: No, Sleep Time: 0, Looping: Yes.
[LOG] AsyncManager::init                       : manager 00000000B86A31E8 isAsync 0 updatePeriod 0.02
[LOG] AsyncManager::init                       : done
[LOG] PlaybackSystem::init                     : 
[LOG] Thread::initThread                       : Init FMOD Studio sample load thread. Priority: 0, Stack Size: 65536, Semaphore: No, Sleep Time: 1, Looping: No.
[LOG] PlaybackSystem::init                     : done
[LOG] Thread::initThread                       : Init FMOD Studio bank load thread. Priority: 0, Stack Size: 65536, Semaphore: No, Sleep Time: 1, Looping: No.
[LOG] Manager::init                            : done.
[LOG] Manager::readBank                        : fileversion = 99, compatVersion = 99 (oldest = 44, newest = 99)
[LOG] PlaybackSystem::acquireMasterBus         : Setting master channel group format to 6
[LOG] SystemI::createSoundInternal             : filename =  : mode 02000202
[LOG] SystemI::createSoundInternal             : exinfo->cbsize             = 232
[LOG] SystemI::createSoundInternal             : exinfo->length             = 22838624
[LOG] SystemI::createSoundInternal             : exinfo->fileoffset         = 142336
[LOG] SystemI::createSoundInternal             : exinfo->numsubsounds       = 1
[LOG] SystemI::createSoundInternal             : exinfo->inclusionlist      = 000000007C40F5FC
[LOG] SystemI::createSoundInternal             : exinfo->inclusionlistnum   = 1
[LOG] SystemI::createSoundInternal             : exinfo->suggestedsoundtype = 5
[LOG] SystemI::createSoundInternal             : exinfo->useropen           = 00007FF9AC735C70
[LOG] SystemI::createSoundInternal             : exinfo->userclose          = 00007FF9AC735C40
[LOG] SystemI::createSoundInternal             : exinfo->userread           = 00007FF9AC735D40
[LOG] SystemI::createSoundInternal             : exinfo->userseek           = 00007FF9AC735DF0
[LOG] SystemI::createSoundInternal             : exinfo->fileuserdata       = 0000000077FD6998
[LOG] SystemI::createSoundInternal             : exinfo->initialseekpostype = 1
[LOG] SystemI::DSPCodecPoolRegister            : register codec pool for pool type 5
[LOG] SystemI::createSoundInternal             : Format has 1 subsounds.
[LOG] SystemI::createSoundInternal             : Create as FMOD_CREATESAMPLE
[LOG] SystemI::createSoundInternal             : Multi-sample sound (1 subsounds), create a sample container.
[LOG] SystemI::createSoundInternal             : creating subsound 0/1
[LOG] SystemI::createSample                    : mode 02000202 length 11212 samples, lengthbytes 2208
[LOG] SystemI::createSample                    : channels = 1
[LOG] SystemI::createSample                    : output = 00000000788E3868
[LOG] OutputSoftware::createSample             : lengthpcm 11212, lengthbytes 2208, channels 1, format 2, freq 48000, mode 0200020a
[LOG] SystemI::createSoundInternal             : No name found in file, use filename.
[LOG] SystemI::createSoundInternal             : done.  OpenState now = FMOD_OPENSTATE_READY.

[LOG] SystemI::createSoundInternal             : filename =  : mode 02000202
[LOG] SystemI::createSoundInternal             : exinfo->cbsize             = 232
[LOG] SystemI::createSoundInternal             : exinfo->length             = 22838624
[LOG] SystemI::createSoundInternal             : exinfo->fileoffset         = 142336
[LOG] SystemI::createSoundInternal             : exinfo->numsubsounds       = 1
[LOG] SystemI::createSoundInternal             : exinfo->inclusionlist      = 000000007C40F5FC
[LOG] SystemI::createSoundInternal             : exinfo->inclusionlistnum   = 1
[LOG] SystemI::createSoundInternal             : exinfo->suggestedsoundtype = 5
[LOG] SystemI::createSoundInternal             : exinfo->useropen           = 00007FF9AC735C70
[LOG] SystemI::createSoundInternal             : exinfo->userclose          = 00007FF9AC735C40
[LOG] SystemI::createSoundInternal             : exinfo->userread           = 00007FF9AC735D40
[LOG] SystemI::createSoundInternal             : exinfo->userseek           = 00007FF9AC735DF0
[LOG] SystemI::createSoundInternal             : exinfo->fileuserdata       = 0000000077FD6998
[LOG] SystemI::createSoundInternal             : exinfo->initialseekpostype = 1
[LOG] SystemI::DSPCodecPoolRegister            : register codec pool for pool type 5
[LOG] SystemI::createSoundInternal             : Format has 1 subsounds.
[LOG] SystemI::createSoundInternal             : Create as FMOD_CREATESAMPLE
[LOG] SystemI::createSoundInternal             : Multi-sample sound (1 subsounds), create a sample container.
[LOG] SystemI::createSoundInternal             : creating subsound 0/1
[LOG] SystemI::createSample                    : mode 02000202 length 9609 samples, lengthbytes 2048
[LOG] SystemI::createSample                    : channels = 1
[LOG] SystemI::createSample                    : output = 00000000788E3868
[LOG] OutputSoftware::createSample             : lengthpcm 9609, lengthbytes 2048, channels 1, format 2, freq 48000, mode 0200020a
[LOG] SystemI::createSoundInternal             : No name found in file, use filename.
[LOG] SystemI::createSoundInternal             : done.  OpenState now = FMOD_OPENSTATE_READY.

[LOG] SystemI::createSoundInternal             : filename =  : mode 02000202
[LOG] SystemI::createSoundInternal             : exinfo->cbsize             = 232
[LOG] SystemI::createSoundInternal             : exinfo->length             = 22838624
[LOG] SystemI::createSoundInternal             : exinfo->fileoffset         = 142336
[LOG] SystemI::createSoundInternal             : exinfo->numsubsounds       = 1
[LOG] SystemI::createSoundInternal             : exinfo->inclusionlist      = 000000007C40F5FC
[LOG] SystemI::createSoundInternal             : exinfo->inclusionlistnum   = 1
[LOG] SystemI::createSoundInternal             : exinfo->suggestedsoundtype = 5
[LOG] SystemI::createSoundInternal             : exinfo->useropen           = 00007FF9AC735C70
[LOG] SystemI::createSoundInternal             : exinfo->userclose          = 00007FF9AC735C40
[LOG] SystemI::createSoundInternal             : exinfo->userread           = 00007FF9AC735D40
[LOG] SystemI::createSoundInternal             : exinfo->userseek           = 00007FF9AC735DF0
[LOG] SystemI::createSoundInternal             : exinfo->fileuserdata       = 0000000077FD6998
[LOG] SystemI::createSoundInternal             : exinfo->initialseekpostype = 1
[LOG] SystemI::DSPCodecPoolRegister            : register codec pool for pool type 5
[LOG] SystemI::createSoundInternal             : Format has 1 subsounds.
[LOG] SystemI::createSoundInternal             : Create as FMOD_CREATESAMPLE
[LOG] SystemI::createSoundInternal             : Multi-sample sound (1 subsounds), create a sample container.
[LOG] SystemI::createSoundInternal             : creating subsound 0/1
[LOG] SystemI::createSample                    : mode 02000202 length 11211 samples, lengthbytes 2304
[LOG] SystemI::createSample                    : channels = 1
[LOG] SystemI::createSample                    : output = 00000000788E3868
[LOG] OutputSoftware::createSample             : lengthpcm 11211, lengthbytes 2304, channels 1, format 2, freq 48000, mode 0200020a
[LOG] SystemI::createSoundInternal             : No name found in file, use filename.
[LOG] SystemI::createSoundInternal             : done.  OpenState now = FMOD_OPENSTATE_READY.

[LOG] SystemI::createSoundInternal             : filename =  : mode 02000202
[LOG] SystemI::createSoundInternal             : exinfo->cbsize             = 232
[LOG] SystemI::createSoundInternal             : exinfo->length             = 22838624
[LOG] SystemI::createSoundInternal             : exinfo->fileoffset         = 142336
[LOG] SystemI::createSoundInternal             : exinfo->numsubsounds       = 1
[LOG] SystemI::createSoundInternal             : exinfo->inclusionlist      = 000000007C40F5FC
[LOG] SystemI::createSoundInternal             : exinfo->inclusionlistnum   = 1
[LOG] SystemI::createSoundInternal             : exinfo->suggestedsoundtype = 5
[LOG] SystemI::createSoundInternal             : exinfo->useropen           = 00007FF9AC735C70
[LOG] SystemI::createSoundInternal             : exinfo->userclose          = 00007FF9AC735C40
[LOG] SystemI::createSoundInternal             : exinfo->userread           = 00007FF9AC735D40
[LOG] SystemI::createSoundInternal             : exinfo->userseek           = 00007FF9AC735DF0
[LOG] SystemI::createSoundInternal             : exinfo->fileuserdata       = 0000000077FD6998
[LOG] SystemI::createSoundInternal             : exinfo->initialseekpostype = 1
[LOG] SystemI::DSPCodecPoolRegister            : register codec pool for pool type 5
[LOG] SystemI::createSoundInternal             : Format has 1 subsounds.
[LOG] SystemI::createSoundInternal             : Create as FMOD_CREATESAMPLE
[LOG] SystemI::createSoundInternal             : Multi-sample sound (1 subsounds), create a sample container.
[LOG] SystemI::createSoundInternal             : creating subsound 0/1
[LOG] SystemI::createSample                    : mode 02000202 length 8008 samples, lengthbytes 1696
[LOG] SystemI::createSample                    : channels = 1
[LOG] SystemI::createSample                    : output = 00000000788E3868
[LOG] OutputSoftware::createSample             : lengthpcm 8008, lengthbytes 1696, channels 1, format 2, freq 48000, mode 0200020a
[LOG] SystemI::createSoundInternal             : No name found in file, use filename.
[LOG] SystemI::createSoundInternal             : done.  OpenState now = FMOD_OPENSTATE_READY.

[LOG] SystemI::createSoundInternal             : filename =  : mode 02000202
[LOG] SystemI::createSoundInternal             : exinfo->cbsize             = 232
[LOG] SystemI::createSoundInternal             : exinfo->length             = 22838624
[LOG] SystemI::createSoundInternal             : exinfo->fileoffset         = 142336
[LOG] SystemI::createSoundInternal             : exinfo->numsubsounds       = 1
[LOG] SystemI::createSoundInternal             : exinfo->inclusionlist      = 000000007C40F5FC
[LOG] SystemI::createSoundInternal             : exinfo->inclusionlistnum   = 1
[LOG] SystemI::createSoundInternal             : exinfo->suggestedsoundtype = 5
[LOG] SystemI::createSoundInternal             : exinfo->useropen           = 00007FF9AC735C70
[LOG] SystemI::createSoundInternal             : exinfo->userclose          = 00007FF9AC735C40
[LOG] SystemI::createSoundInternal             : exinfo->userread           = 00007FF9AC735D40
[LOG] SystemI::createSoundInternal             : exinfo->userseek           = 00007FF9AC735DF0
[LOG] SystemI::createSoundInternal             : exinfo->fileuserdata       = 0000000077FD6998
[LOG] SystemI::createSoundInternal             : exinfo->initialseekpostype = 1
[LOG] SystemI::DSPCodecPoolRegister            : register codec pool for pool type 5
[LOG] SystemI::createSoundInternal             : Format has 1 subsounds.
[LOG] SystemI::createSoundInternal             : Create as FMOD_CREATESAMPLE
[LOG] SystemI::createSoundInternal             : Multi-sample sound (1 subsounds), create a sample container.
[LOG] SystemI::createSoundInternal             : creating subsound 0/1
[LOG] SystemI::createSample                    : mode 02000202 length 11211 samples, lengthbytes 2240
[LOG] SystemI::createSample                    : channels = 1
[LOG] SystemI::createSample                    : output = 00000000788E3868
[LOG] OutputSoftware::createSample             : lengthpcm 11211, lengthbytes 2240, channels 1, format 2, freq 48000, mode 0200020a
[LOG] SystemI::createSoundInternal             : No name found in file, use filename.
[LOG] SystemI::createSoundInternal             : done.  OpenState now = FMOD_OPENSTATE_READY.

[LOG] SystemI::createSoundInternal             : filename =  : mode 02000202
[LOG] SystemI::createSoundInternal             : exinfo->cbsize             = 232
[LOG] SystemI::createSoundInternal             : exinfo->length             = 22838624
[LOG] SystemI::createSoundInternal             : exinfo->fileoffset         = 142336
[LOG] SystemI::createSoundInternal             : exinfo->numsubsounds       = 1
[LOG] SystemI::createSoundInternal             : exinfo->inclusionlist      = 000000007C40F5FC
[LOG] SystemI::createSoundInternal             : exinfo->inclusionlistnum   = 1
[LOG] SystemI::createSoundInternal             : exinfo->suggestedsoundtype = 5
[LOG] SystemI::createSoundInternal             : exinfo->useropen           = 00007FF9AC735C70
[LOG] SystemI::createSoundInternal             : exinfo->userclose          = 00007FF9AC735C40
[LOG] SystemI::createSoundInternal             : exinfo->userread           = 00007FF9AC735D40
[LOG] SystemI::createSoundInternal             : exinfo->userseek           = 00007FF9AC735DF0
[LOG] SystemI::createSoundInternal             : exinfo->fileuserdata       = 0000000077FD6998
[LOG] SystemI::createSoundInternal             : exinfo->initialseekpostype = 1
[LOG] SystemI::DSPCodecPoolRegister            : register codec pool for pool type 5
[LOG] SystemI::createSoundInternal             : Format has 1 subsounds.
[LOG] SystemI::createSoundInternal             : Create as FMOD_CREATESAMPLE
[LOG] SystemI::createSoundInternal             : Multi-sample sound (1 subsounds), create a sample container.
[LOG] SystemI::createSoundInternal             : creating subsound 0/1
[LOG] SystemI::createSample                    : mode 02000202 length 11211 samples, lengthbytes 2240
[LOG] SystemI::createSample                    : channels = 1
[LOG] SystemI::createSample                    : output = 00000000788E3868
[LOG] OutputSoftware::createSample             : lengthpcm 11211, lengthbytes 2240, channels 1, format 2, freq 48000, mode 0200020a
[LOG] SystemI::createSoundInternal             : No name found in file, use filename.
[LOG] SystemI::createSoundInternal             : done.  OpenState now = FMOD_OPENSTATE_READY.

[LOG] SoundI::release                          :  (000000007892D698)
[LOG] SoundI::release                          : release subsounds. (000000007892D698)
[LOG] SoundI::release                          :     Whoos_espada_1.R (0000000077ECD118)
[LOG] SoundI::release                          :     done
[LOG] SoundI::release                          : release codec. (000000007892D698)
[LOG] SoundI::release                          : done
[LOG] SoundI::release                          :  (000000007892D528)
[LOG] SoundI::release                          : release subsounds. (000000007892D528)
[LOG] SoundI::release                          :     Whoos_espada_2.R (0000000077ECCF78)
[LOG] SoundI::release                          :     done
[LOG] SoundI::release                          : release codec. (000000007892D528)
[LOG] SoundI::release                          : done
[LOG] SoundI::release                          :  (000000007892C838)
[LOG] SoundI::release                          : release subsounds. (000000007892C838)
[LOG] SoundI::release                          :     Whoos_espada_3.R (0000000077ECCA98)
[LOG] SoundI::release                          :     done
[LOG] SoundI::release                          : release codec. (000000007892C838)
[LOG] SoundI::release                          : done
[LOG] SoundI::release                          :  (000000007892C6C8)
[LOG] SoundI::release                          : release subsounds. (000000007892C6C8)
[LOG] SoundI::release                          :     Whoos_espada_4.R (0000000077ECBBF8)
[LOG] SoundI::release                          :     done
[LOG] SoundI::release                          : release codec. (000000007892C6C8)
[LOG] SoundI::release                          : done
[LOG] SoundI::release                          :  (000000007892E0A8)
[LOG] SoundI::release                          : release subsounds. (000000007892E0A8)
[LOG] SoundI::release                          :     Whoos_espada_5.R (0000000077ECCDD8)
[LOG] SoundI::release                          :     done
[LOG] SoundI::release                          : release codec. (000000007892E0A8)
[LOG] SoundI::release                          : done
[LOG] SoundI::release                          :  (000000007892D3B8)
[LOG] SoundI::release                          : release subsounds. (000000007892D3B8)
[LOG] SoundI::release                          :     Whoos_espada_6.R (0000000077ECD2B8)
[LOG] SoundI::release                          :     done
[LOG] SoundI::release                          : release codec. (000000007892D3B8)
[LOG] SoundI::release                          : done
[LOG] Manager::readBank                        : fileversion = 99, compatVersion = 99 (oldest = 44, newest = 99)
[LOG] PlaybackSystem::acquireMasterBus         : Setting master channel group format to 6
[LOG] SystemI::createSoundInternal             : filename =  : mode 02000202
[LOG] SystemI::createSoundInternal             : exinfo->cbsize             = 232
[LOG] SystemI::createSoundInternal             : exinfo->length             = 22838624
[LOG] SystemI::createSoundInternal             : exinfo->fileoffset         = 142336
[LOG] SystemI::createSoundInternal             : exinfo->numsubsounds       = 1
[LOG] SystemI::createSoundInternal             : exinfo->inclusionlist      = 000000007C40F5FC
[LOG] SystemI::createSoundInternal             : exinfo->inclusionlistnum   = 1
[LOG] SystemI::createSoundInternal             : exinfo->suggestedsoundtype = 5
[LOG] SystemI::createSoundInternal             : exinfo->useropen           = 00007FF9AC735C70
[LOG] SystemI::createSoundInternal             : exinfo->userclose          = 00007FF9AC735C40
[LOG] SystemI::createSoundInternal             : exinfo->userread           = 00007FF9AC735D40
[LOG] SystemI::createSoundInternal             : exinfo->userseek           = 00007FF9AC735DF0
[LOG] SystemI::createSoundInternal             : exinfo->fileuserdata       = 0000000077FD6998
[LOG] SystemI::createSoundInternal             : exinfo->initialseekpostype = 1
[LOG] SystemI::DSPCodecPoolRegister            : register codec pool for pool type 5
[LOG] SystemI::createSoundInternal             : Format has 1 subsounds.
[LOG] SystemI::createSoundInternal             : Create as FMOD_CREATESAMPLE
[LOG] SystemI::createSoundInternal             : Multi-sample sound (1 subsounds), create a sample container.
[LOG] SystemI::createSoundInternal             : creating subsound 0/1
[LOG] SystemI::createSample                    : mode 02000202 length 43520 samples, lengthbytes 7840
[LOG] SystemI::createSample                    : channels = 1
[LOG] SystemI::createSample                    : output = 00000000788E3868
[LOG] OutputSoftware::createSample             : lengthpcm 43520, lengthbytes 7840, channels 1, format 2, freq 48000, mode 0200020a
[LOG] SystemI::createSoundInternal             : No name found in file, use filename.
[LOG] SystemI::createSoundInternal             : done.  OpenState now = FMOD_OPENSTATE_READY.

[LOG] SystemI::createSoundInternal             : filename =  : mode 02000202
[LOG] SystemI::createSoundInternal             : exinfo->cbsize             = 232
[LOG] SystemI::createSoundInternal             : exinfo->length             = 22838624
[LOG] SystemI::createSoundInternal             : exinfo->fileoffset         = 142336
[LOG] SystemI::createSoundInternal             : exinfo->numsubsounds       = 1
[LOG] SystemI::createSoundInternal             : exinfo->inclusionlist      = 000000007C40F5FC
[LOG] SystemI::createSoundInternal             : exinfo->inclusionlistnum   = 1
[LOG] SystemI::createSoundInternal             : exinfo->suggestedsoundtype = 5
[LOG] SystemI::createSoundInternal             : exinfo->useropen           = 00007FF9AC735C70
[LOG] SystemI::createSoundInternal             : exinfo->userclose          = 00007FF9AC735C40
[LOG] SystemI::createSoundInternal             : exinfo->userread           = 00007FF9AC735D40
[LOG] SystemI::createSoundInternal             : exinfo->userseek           = 00007FF9AC735DF0
[LOG] SystemI::createSoundInternal             : exinfo->fileuserdata       = 0000000077FD6998
[LOG] SystemI::createSoundInternal             : exinfo->initialseekpostype = 1
[LOG] SystemI::DSPCodecPoolRegister            : register codec pool for pool type 5
[LOG] SystemI::createSoundInternal             : Format has 1 subsounds.
[LOG] SystemI::createSoundInternal             : Create as FMOD_CREATESAMPLE
[LOG] SystemI::createSoundInternal             : Multi-sample sound (1 subsounds), create a sample container.
[LOG] SystemI::createSoundInternal             : creating subsound 0/1
[LOG] SystemI::createSample                    : mode 02000202 length 34560 samples, lengthbytes 6528
[LOG] SystemI::createSample                    : channels = 1
[LOG] SystemI::createSample                    : output = 00000000788E3868
[LOG] OutputSoftware::createSample             : lengthpcm 34560, lengthbytes 6528, channels 1, format 2, freq 48000, mode 0200020a
[LOG] SystemI::createSoundInternal             : No name found in file, use filename.
[LOG] SystemI::createSoundInternal             : done.  OpenState now = FMOD_OPENSTATE_READY.

[LOG] SystemI::createSoundInternal             : filename =  : mode 02000202
[LOG] SystemI::createSoundInternal             : exinfo->cbsize             = 232
[LOG] SystemI::createSoundInternal             : exinfo->length             = 22838624
[LOG] SystemI::createSoundInternal             : exinfo->fileoffset         = 142336
[LOG] SystemI::createSoundInternal             : exinfo->numsubsounds       = 1
[LOG] SystemI::createSoundInternal             : exinfo->inclusionlist      = 000000007C40F5FC
[LOG] SystemI::createSoundInternal             : exinfo->inclusionlistnum   = 1
[LOG] SystemI::createSoundInternal             : exinfo->suggestedsoundtype = 5
[LOG] SystemI::createSoundInternal             : exinfo->useropen           = 00007FF9AC735C70
[LOG] SystemI::createSoundInternal             : exinfo->userclose          = 00007FF9AC735C40
[LOG] SystemI::createSoundInternal             : exinfo->userread           = 00007FF9AC735D40
[LOG] SystemI::createSoundInternal             : exinfo->userseek           = 00007FF9AC735DF0
[LOG] SystemI::createSoundInternal             : exinfo->fileuserdata       = 0000000077FD6998
[LOG] SystemI::createSoundInternal             : exinfo->initialseekpostype = 1
[LOG] SystemI::DSPCodecPoolRegister            : register codec pool for pool type 5
[LOG] SystemI::createSoundInternal             : Format has 1 subsounds.
[LOG] SystemI::createSoundInternal             : Create as FMOD_CREATESAMPLE
[LOG] SystemI::createSoundInternal             : Multi-sample sound (1 subsounds), create a sample container.
[LOG] SystemI::createSoundInternal             : creating subsound 0/1
[LOG] SystemI::createSample                    : mode 02000202 length 28672 samples, lengthbytes 5248
[LOG] SystemI::createSample                    : channels = 1
[LOG] SystemI::createSample                    : output = 00000000788E3868
[LOG] OutputSoftware::createSample             : lengthpcm 28672, lengthbytes 5248, channels 1, format 2, freq 48000, mode 0200020a
[LOG] SystemI::createSoundInternal             : No name found in file, use filename.
[LOG] SystemI::createSoundInternal             : done.  OpenState now = FMOD_OPENSTATE_READY.

[LOG] SystemI::createSoundInternal             : filename =  : mode 02000202
[LOG] SystemI::createSoundInternal             : exinfo->cbsize             = 232
[LOG] SystemI::createSoundInternal             : exinfo->length             = 22838624
[LOG] SystemI::createSoundInternal             : exinfo->fileoffset         = 142336
[LOG] SystemI::createSoundInternal             : exinfo->numsubsounds       = 1
[LOG] SystemI::createSoundInternal             : exinfo->inclusionlist      = 000000007C40F5FC
[LOG] SystemI::createSoundInternal             : exinfo->inclusionlistnum   = 1
[LOG] SystemI::createSoundInternal             : exinfo->suggestedsoundtype = 5
[LOG] SystemI::createSoundInternal             : exinfo->useropen           = 00007FF9AC735C70
[LOG] SystemI::createSoundInternal             : exinfo->userclose          = 00007FF9AC735C40
[LOG] SystemI::createSoundInternal             : exinfo->userread           = 00007FF9AC735D40
[LOG] SystemI::createSoundInternal             : exinfo->userseek           = 00007FF9AC735DF0
[LOG] SystemI::createSoundInternal             : exinfo->fileuserdata       = 0000000077FD6998
[LOG] SystemI::createSoundInternal             : exinfo->initialseekpostype = 1
[LOG] SystemI::DSPCodecPoolRegister            : register codec pool for pool type 5
[LOG] SystemI::createSoundInternal             : Format has 1 subsounds.
[LOG] SystemI::createSoundInternal             : Create as FMOD_CREATESAMPLE
[LOG] SystemI::createSoundInternal             : Multi-sample sound (1 subsounds), create a sample container.
[LOG] SystemI::createSoundInternal             : creating subsound 0/1
[LOG] SystemI::createSample                    : mode 02000202 length 41344 samples, lengthbytes 7328
[LOG] SystemI::createSample                    : channels = 1
[LOG] SystemI::createSample                    : output = 00000000788E3868
[LOG] OutputSoftware::createSample             : lengthpcm 41344, lengthbytes 7328, channels 1, format 2, freq 48000, mode 0200020a
[LOG] SystemI::createSoundInternal             : No name found in file, use filename.
[LOG] SystemI::createSoundInternal             : done.  OpenState now = FMOD_OPENSTATE_READY.

[LOG] SystemI::createSoundInternal             : filename =  : mode 02000202
[LOG] SystemI::createSoundInternal             : exinfo->cbsize             = 232
[LOG] SystemI::createSoundInternal             : exinfo->length             = 22838624
[LOG] SystemI::createSoundInternal             : exinfo->fileoffset         = 142336
[LOG] SystemI::createSoundInternal             : exinfo->numsubsounds       = 1
[LOG] SystemI::createSoundInternal             : exinfo->inclusionlist      = 000000007C40F5FC
[LOG] SystemI::createSoundInternal             : exinfo->inclusionlistnum   = 1
[LOG] SystemI::createSoundInternal             : exinfo->suggestedsoundtype = 5
[LOG] SystemI::createSoundInternal             : exinfo->useropen           = 00007FF9AC735C70
[LOG] SystemI::createSoundInternal             : exinfo->userclose          = 00007FF9AC735C40
[LOG] SystemI::createSoundInternal             : exinfo->userread           = 00007FF9AC735D40
[LOG] SystemI::createSoundInternal             : exinfo->userseek           = 00007FF9AC735DF0
[LOG] SystemI::createSoundInternal             : exinfo->fileuserdata       = 0000000077FD6998
[LOG] SystemI::createSoundInternal             : exinfo->initialseekpostype = 1
[LOG] SystemI::DSPCodecPoolRegister            : register codec pool for pool type 5
[LOG] SystemI::createSoundInternal             : Format has 1 subsounds.
[LOG] SystemI::createSoundInternal             : Create as FMOD_CREATESAMPLE
[LOG] SystemI::createSoundInternal             : Multi-sample sound (1 subsounds), create a sample container.
[LOG] SystemI::createSoundInternal             : creating subsound 0/1
[LOG] SystemI::createSample                    : mode 02000202 length 42752 samples, lengthbytes 7904
[LOG] SystemI::createSample                    : channels = 1
[LOG] SystemI::createSample                    : output = 00000000788E3868
[LOG] OutputSoftware::createSample             : lengthpcm 42752, lengthbytes 7904, channels 1, format 2, freq 48000, mode 0200020a
[LOG] SystemI::createSoundInternal             : No name found in file, use filename.
[LOG] SystemI::createSoundInternal             : done.  OpenState now = FMOD_OPENSTATE_READY.

[LOG] SystemI::createSoundInternal             : filename =  : mode 02000202
[LOG] SystemI::createSoundInternal             : exinfo->cbsize             = 232
[LOG] SystemI::createSoundInternal             : exinfo->length             = 22838624
[LOG] SystemI::createSoundInternal             : exinfo->fileoffset         = 142336
[LOG] SystemI::createSoundInternal             : exinfo->numsubsounds       = 1
[LOG] SystemI::createSoundInternal             : exinfo->inclusionlist      = 000000007C40F5FC
[LOG] SystemI::createSoundInternal             : exinfo->inclusionlistnum   = 1
[LOG] SystemI::createSoundInternal             : exinfo->suggestedsoundtype = 5
[LOG] SystemI::createSoundInternal             : exinfo->useropen           = 00007FF9AC735C70
[LOG] SystemI::createSoundInternal             : exinfo->userclose          = 00007FF9AC735C40
[LOG] SystemI::createSoundInternal             : exinfo->userread           = 00007FF9AC735D40
[LOG] SystemI::createSoundInternal             : exinfo->userseek           = 00007FF9AC735DF0
[LOG] SystemI::createSoundInternal             : exinfo->fileuserdata       = 0000000077FD6998
[LOG] SystemI::createSoundInternal             : exinfo->initialseekpostype = 1
[LOG] SystemI::DSPCodecPoolRegister            : register codec pool for pool type 5
[LOG] SystemI::createSoundInternal             : Format has 1 subsounds.
[LOG] SystemI::createSoundInternal             : Create as FMOD_CREATESAMPLE
[LOG] SystemI::createSoundInternal             : Multi-sample sound (1 subsounds), create a sample container.
[LOG] SystemI::createSoundInternal             : creating subsound 0/1
[LOG] SystemI::createSample                    : mode 02000202 length 27968 samples, lengthbytes 5056
[LOG] SystemI::createSample                    : channels = 1
[LOG] SystemI::createSample                    : output = 00000000788E3868
[LOG] OutputSoftware::createSample             : lengthpcm 27968, lengthbytes 5056, channels 1, format 2, freq 48000, mode 0200020a
[LOG] SystemI::createSoundInternal             : No name found in file, use filename.
[LOG] SystemI::createSoundInternal             : done.  OpenState now = FMOD_OPENSTATE_READY.

[LOG] SystemI::createSoundInternal             : filename =  : mode 02000202
[LOG] SystemI::createSoundInternal             : exinfo->cbsize             = 232
[LOG] SystemI::createSoundInternal             : exinfo->length             = 22838624
[LOG] SystemI::createSoundInternal             : exinfo->fileoffset         = 142336
[LOG] SystemI::createSoundInternal             : exinfo->numsubsounds       = 1
[LOG] SystemI::createSoundInternal             : exinfo->inclusionlist      = 000000007C40F5FC
[LOG] SystemI::createSoundInternal             : exinfo->inclusionlistnum   = 1
[LOG] SystemI::createSoundInternal             : exinfo->suggestedsoundtype = 5
[LOG] SystemI::createSoundInternal             : exinfo->useropen           = 00007FF9AC735C70
[LOG] SystemI::createSoundInternal             : exinfo->userclose          = 00007FF9AC735C40
[LOG] SystemI::createSoundInternal             : exinfo->userread           = 00007FF9AC735D40
[LOG] SystemI::createSoundInternal             : exinfo->userseek           = 00007FF9AC735DF0
[LOG] SystemI::createSoundInternal             : exinfo->fileuserdata       = 0000000077FD6998
[LOG] SystemI::createSoundInternal             : exinfo->initialseekpostype = 1
[LOG] SystemI::DSPCodecPoolRegister            : register codec pool for pool type 5
[LOG] SystemI::createSoundInternal             : Format has 1 subsounds.
[LOG] SystemI::createSoundInternal             : Create as FMOD_CREATESAMPLE
[LOG] SystemI::createSoundInternal             : Multi-sample sound (1 subsounds), create a sample container.
[LOG] SystemI::createSoundInternal             : creating subsound 0/1
[LOG] SystemI::createSample                    : mode 02000202 length 37888 samples, lengthbytes 6784
[LOG] SystemI::createSample                    : channels = 1
[LOG] SystemI::createSample                    : output = 00000000788E3868
[LOG] OutputSoftware::createSample             : lengthpcm 37888, lengthbytes 6784, channels 1, format 2, freq 48000, mode 0200020a
[LOG] SystemI::createSoundInternal             : No name found in file, use filename.
[LOG] SystemI::createSoundInternal             : done.  OpenState now = FMOD_OPENSTATE_READY.

[LOG] SystemI::createSoundInternal             : filename =  : mode 02000202
[LOG] SystemI::createSoundInternal             : exinfo->cbsize             = 232
[LOG] SystemI::createSoundInternal             : exinfo->length             = 22838624
[LOG] SystemI::createSoundInternal             : exinfo->fileoffset         = 142336
[LOG] SystemI::createSoundInternal             : exinfo->numsubsounds       = 1
[LOG] SystemI::createSoundInternal             : exinfo->inclusionlist      = 000000007C40F5FC
[LOG] SystemI::createSoundInternal             : exinfo->inclusionlistnum   = 1
[LOG] SystemI::createSoundInternal             : exinfo->suggestedsoundtype = 5
[LOG] SystemI::createSoundInternal             : exinfo->useropen           = 00007FF9AC735C70
[LOG] SystemI::createSoundInternal             : exinfo->userclose          = 00007FF9AC735C40
[LOG] SystemI::createSoundInternal             : exinfo->userread           = 00007FF9AC735D40
[LOG] SystemI::createSoundInternal             : exinfo->userseek           = 00007FF9AC735DF0
[LOG] SystemI::createSoundInternal             : exinfo->fileuserdata       = 0000000077FD6998
[LOG] SystemI::createSoundInternal             : exinfo->initialseekpostype = 1
[LOG] SystemI::DSPCodecPoolRegister            : register codec pool for pool type 5
[LOG] SystemI::createSoundInternal             : Format has 1 subsounds.
[LOG] SystemI::createSoundInternal             : Create as FMOD_CREATESAMPLE
[LOG] SystemI::createSoundInternal             : Multi-sample sound (1 subsounds), create a sample container.
[LOG] SystemI::createSoundInternal             : creating subsound 0/1
[LOG] SystemI::createSample                    : mode 02000202 length 36608 samples, lengthbytes 6432
[LOG] SystemI::createSample                    : channels = 1
[LOG] SystemI::createSample                    : output = 00000000788E3868
[LOG] OutputSoftware::createSample             : lengthpcm 36608, lengthbytes 6432, channels 1, format 2, freq 48000, mode 0200020a
[LOG] SystemI::createSoundInternal             : No name found in file, use filename.
[LOG] SystemI::createSoundInternal             : done.  OpenState now = FMOD_OPENSTATE_READY.

[LOG] SystemI::createSoundInternal             : filename =  : mode 02000202
[LOG] SystemI::createSoundInternal             : exinfo->cbsize             = 232
[LOG] SystemI::createSoundInternal             : exinfo->length             = 22838624
[LOG] SystemI::createSoundInternal             : exinfo->fileoffset         = 142336
[LOG] SystemI::createSoundInternal             : exinfo->numsubsounds       = 1
[LOG] SystemI::createSoundInternal             : exinfo->inclusionlist      = 000000007C40F5FC
[LOG] SystemI::createSoundInternal             : exinfo->inclusionlistnum   = 1
[LOG] SystemI::createSoundInternal             : exinfo->suggestedsoundtype = 5
[LOG] SystemI::createSoundInternal             : exinfo->useropen           = 00007FF9AC735C70
[LOG] SystemI::createSoundInternal             : exinfo->userclose          = 00007FF9AC735C40
[LOG] SystemI::createSoundInternal             : exinfo->userread           = 00007FF9AC735D40
[LOG] SystemI::createSoundInternal             : exinfo->userseek           = 00007FF9AC735DF0
[LOG] SystemI::createSoundInternal             : exinfo->fileuserdata       = 0000000077FD6998
[LOG] SystemI::createSoundInternal             : exinfo->initialseekpostype = 1
[LOG] SystemI::DSPCodecPoolRegister            : register codec pool for pool type 5
[LOG] SystemI::createSoundInternal             : Format has 1 subsounds.
[LOG] SystemI::createSoundInternal             : Create as FMOD_CREATESAMPLE
[LOG] SystemI::createSoundInternal             : Multi-sample sound (1 subsounds), create a sample container.
[LOG] SystemI::createSoundInternal             : creating subsound 0/1
[LOG] SystemI::createSample                    : mode 02000202 length 35328 samples, lengthbytes 6496
[LOG] SystemI::createSample                    : channels = 1
[LOG] SystemI::createSample                    : output = 00000000788E3868
[LOG] OutputSoftware::createSample             : lengthpcm 35328, lengthbytes 6496, channels 1, format 2, freq 48000, mode 0200020a
[LOG] SystemI::createSoundInternal             : No name found in file, use filename.
[LOG] SystemI::createSoundInternal             : done.  OpenState now = FMOD_OPENSTATE_READY.

[LOG] SystemI::createSoundInternal             : filename =  : mode 02000202
[LOG] SystemI::createSoundInternal             : exinfo->cbsize             = 232
[LOG] SystemI::createSoundInternal             : exinfo->length             = 22838624
[LOG] SystemI::createSoundInternal             : exinfo->fileoffset         = 142336
[LOG] SystemI::createSoundInternal             : exinfo->numsubsounds       = 1
[LOG] SystemI::createSoundInternal             : exinfo->inclusionlist      = 000000007C40F5FC
[LOG] SystemI::createSoundInternal             : exinfo->inclusionlistnum   = 1
[LOG] SystemI::createSoundInternal             : exinfo->suggestedsoundtype = 5
[LOG] SystemI::createSoundInternal             : exinfo->useropen           = 00007FF9AC735C70
[LOG] SystemI::createSoundInternal             : exinfo->userclose          = 00007FF9AC735C40
[LOG] SystemI::createSoundInternal             : exinfo->userread           = 00007FF9AC735D40
[LOG] SystemI::createSoundInternal             : exinfo->userseek           = 00007FF9AC735DF0
[LOG] SystemI::createSoundInternal             : exinfo->fileuserdata       = 0000000077FD6998
[LOG] SystemI::createSoundInternal             : exinfo->initialseekpostype = 1
[LOG] SystemI::DSPCodecPoolRegister            : register codec pool for pool type 5
[LOG] SystemI::createSoundInternal             : Format has 1 subsounds.
[LOG] SystemI::createSoundInternal             : Create as FMOD_CREATESAMPLE
[LOG] SystemI::createSoundInternal             : Multi-sample sound (1 subsounds), create a sample container.
[LOG] SystemI::createSoundInternal             : creating subsound 0/1
[LOG] SystemI::createSample                    : mode 02000202 length 34816 samples, lengthbytes 6176
[LOG] SystemI::createSample                    : channels = 1
[LOG] SystemI::createSample                    : output = 00000000788E3868
[LOG] OutputSoftware::createSample             : lengthpcm 34816, lengthbytes 6176, channels 1, format 2, freq 48000, mode 0200020a
[LOG] SystemI::createSoundInternal             : No name found in file, use filename.
[LOG] SystemI::createSoundInternal             : done.  OpenState now = FMOD_OPENSTATE_READY.

[LOG] SystemI::createSoundInternal             : filename =  : mode 02000202
[LOG] SystemI::createSoundInternal             : exinfo->cbsize             = 232
[LOG] SystemI::createSoundInternal             : exinfo->length             = 22838624
[LOG] SystemI::createSoundInternal             : exinfo->fileoffset         = 142336
[LOG] SystemI::createSoundInternal             : exinfo->numsubsounds       = 1
[LOG] SystemI::createSoundInternal             : exinfo->inclusionlist      = 000000007C40F5FC
[LOG] SystemI::createSoundInternal             : exinfo->inclusionlistnum   = 1
[LOG] SystemI::createSoundInternal             : exinfo->suggestedsoundtype = 5
[LOG] SystemI::createSoundInternal             : exinfo->useropen           = 00007FF9AC735C70
[LOG] SystemI::createSoundInternal             : exinfo->userclose          = 00007FF9AC735C40
[LOG] SystemI::createSoundInternal             : exinfo->userread           = 00007FF9AC735D40
[LOG] SystemI::createSoundInternal             : exinfo->userseek           = 00007FF9AC735DF0
[LOG] SystemI::createSoundInternal             : exinfo->fileuserdata       = 0000000077FD6998
[LOG] SystemI::createSoundInternal             : exinfo->initialseekpostype = 1
[LOG] SystemI::DSPCodecPoolRegister            : register codec pool for pool type 5
[LOG] SystemI::createSoundInternal             : Format has 1 subsounds.
[LOG] SystemI::createSoundInternal             : Create as FMOD_CREATESAMPLE
[LOG] SystemI::createSoundInternal             : Multi-sample sound (1 subsounds), create a sample container.
[LOG] SystemI::createSoundInternal             : creating subsound 0/1
[LOG] SystemI::createSample                    : mode 02000202 length 31360 samples, lengthbytes 5984
[LOG] SystemI::createSample                    : channels = 1
[LOG] SystemI::createSample                    : output = 00000000788E3868
[LOG] OutputSoftware::createSample             : lengthpcm 31360, lengthbytes 5984, channels 1, format 2, freq 48000, mode 0200020a
[LOG] SystemI::createSoundInternal             : No name found in file, use filename.
[LOG] SystemI::createSoundInternal             : done.  OpenState now = FMOD_OPENSTATE_READY.

[LOG] SystemI::createSoundInternal             : filename =  : mode 02000202
[LOG] SystemI::createSoundInternal             : exinfo->cbsize             = 232
[LOG] SystemI::createSoundInternal             : exinfo->length             = 22838624
[LOG] SystemI::createSoundInternal             : exinfo->fileoffset         = 142336
[LOG] SystemI::createSoundInternal             : exinfo->numsubsounds       = 1
[LOG] SystemI::createSoundInternal             : exinfo->inclusionlist      = 000000007C40F5FC
[LOG] SystemI::createSoundInternal             : exinfo->inclusionlistnum   = 1
[LOG] SystemI::createSoundInternal             : exinfo->suggestedsoundtype = 5
[LOG] SystemI::createSoundInternal             : exinfo->useropen           = 00007FF9AC735C70
[LOG] SystemI::createSoundInternal             : exinfo->userclose          = 00007FF9AC735C40
[LOG] SystemI::createSoundInternal             : exinfo->userread           = 00007FF9AC735D40
[LOG] SystemI::createSoundInternal             : exinfo->userseek           = 00007FF9AC735DF0
[LOG] SystemI::createSoundInternal             : exinfo->fileuserdata       = 0000000077FD6998
[LOG] SystemI::createSoundInternal             : exinfo->initialseekpostype = 1
[LOG] SystemI::DSPCodecPoolRegister            : register codec pool for pool type 5
[LOG] SystemI::createSoundInternal             : Format has 1 subsounds.
[LOG] SystemI::createSoundInternal             : Create as FMOD_CREATESAMPLE
[LOG] SystemI::createSoundInternal             : Multi-sample sound (1 subsounds), create a sample container.
[LOG] SystemI::createSoundInternal             : creating subsound 0/1
[LOG] SystemI::createSample                    : mode 02000202 length 27904 samples, lengthbytes 4928
[LOG] SystemI::createSample                    : channels = 1
[LOG] SystemI::createSample                    : output = 00000000788E3868
[LOG] OutputSoftware::createSample             : lengthpcm 27904, lengthbytes 4928, channels 1, format 2, freq 48000, mode 0200020a
[LOG] SystemI::createSoundInternal             : No name found in file, use filename.
[LOG] SystemI::createSoundInternal             : done.  OpenState now = FMOD_OPENSTATE_READY.

[LOG] SystemI::createSoundInternal             : filename =  : mode 02000202
[LOG] SystemI::createSoundInternal             : exinfo->cbsize             = 232
[LOG] SystemI::createSoundInternal             : exinfo->length             = 22838624
[LOG] SystemI::createSoundInternal             : exinfo->fileoffset         = 142336
[LOG] SystemI::createSoundInternal             : exinfo->numsubsounds       = 1
[LOG] SystemI::createSoundInternal             : exinfo->inclusionlist      = 000000007C40F5FC
[LOG] SystemI::createSoundInternal             : exinfo->inclusionlistnum   = 1
[LOG] SystemI::createSoundInternal             : exinfo->suggestedsoundtype = 5
[LOG] SystemI::createSoundInternal             : exinfo->useropen           = 00007FF9AC735C70
[LOG] SystemI::createSoundInternal             : exinfo->userclose          = 00007FF9AC735C40
[LOG] SystemI::createSoundInternal             : exinfo->userread           = 00007FF9AC735D40
[LOG] SystemI::createSoundInternal             : exinfo->userseek           = 00007FF9AC735DF0
[LOG] SystemI::createSoundInternal             : exinfo->fileuserdata       = 0000000077FD6998
[LOG] SystemI::createSoundInternal             : exinfo->initialseekpostype = 1
[LOG] SystemI::DSPCodecPoolRegister            : register codec pool for pool type 5
[LOG] SystemI::createSoundInternal             : Format has 1 subsounds.
[LOG] SystemI::createSoundInternal             : Create as FMOD_CREATESAMPLE
[LOG] SystemI::createSoundInternal             : Multi-sample sound (1 subsounds), create a sample container.
[LOG] SystemI::createSoundInternal             : creating subsound 0/1
[LOG] SystemI::createSample                    : mode 02000202 length 21024 samples, lengthbytes 3968
[LOG] SystemI::createSample                    : channels = 1
[LOG] SystemI::createSample                    : output = 00000000788E3868
[LOG] OutputSoftware::createSample             : lengthpcm 21024, lengthbytes 3968, channels 1, format 2, freq 48000, mode 0200020a
[LOG] SystemI::createSoundInternal             : No name found in file, use filename.
[LOG] SystemI::createSoundInternal             : done.  OpenState now = FMOD_OPENSTATE_READY.

[WRN] EventInstance::update                    : Event {29fdc3bc-b4ac-456f-bb20-a170b7cf163d} waited 52 milliseconds for sample data to load.  Preload sample data to avoid this delay.
[LOG] SoundI::release                          :  (000000007892D978)
[LOG] SoundI::release                          : release subsounds. (000000007892D978)
[LOG] SoundI::release                          :     Flecha Whoosh0.R (0000000077ED1F68)
[LOG] SoundI::release                          :     done
[LOG] SoundI::release                          : release codec. (000000007892D978)
[LOG] SoundI::release                          : done
[LOG] SoundI::release                          :  (000000007892D528)
[LOG] SoundI::release                          : release subsounds. (000000007892D528)
[LOG] SoundI::release                          :     Flecha Whoosh1.R (0000000077ECD118)
[LOG] SoundI::release                          :     done
[LOG] SoundI::release                          : release codec. (000000007892D528)
[LOG] SoundI::release                          : done
[LOG] SoundI::release                          :  (0000000078A5FAD8)
[LOG] SoundI::release                          : release subsounds. (0000000078A5FAD8)
[LOG] SoundI::release                          :     Flecha Whoosh10.R (0000000077EE4148)
[LOG] SoundI::release                          :     done
[LOG] SoundI::release                          : release codec. (0000000078A5FAD8)
[LOG] SoundI::release                          : done
[LOG] SoundI::release                          :  (000000007892C6C8)
[LOG] SoundI::release                          : release subsounds. (000000007892C6C8)
[LOG] SoundI::release                          :     Flecha Whoosh11.R (0000000077ECD5F8)
[LOG] SoundI::release                          :     done
[LOG] SoundI::release                          : release codec. (000000007892C6C8)
[LOG] SoundI::release                          : done
[LOG] SoundI::release                          :  (000000007892E388)
[LOG] SoundI::release                          : release subsounds. (000000007892E388)
[LOG] SoundI::release                          :     Flecha Whoosh12.R (0000000077ECCF78)
[LOG] SoundI::release                          :     done
[LOG] SoundI::release                          : release codec. (000000007892E388)
[LOG] SoundI::release                          : done
[LOG] SoundI::release                          :  (000000007892D808)
[LOG] SoundI::release                          : release subsounds. (000000007892D808)
[LOG] SoundI::release                          :     Flecha Whoosh2.R (0000000077ED2928)
[LOG] SoundI::release                          :     done
[LOG] SoundI::release                          : release codec. (000000007892D808)
[LOG] SoundI::release                          : done
[LOG] SoundI::release                          :  (000000007892D3B8)
[LOG] SoundI::release                          : release subsounds. (000000007892D3B8)
[LOG] SoundI::release                          :     Flecha Whoosh3.R (0000000077ECD458)
[LOG] SoundI::release                          :     done
[LOG] SoundI::release                          : release codec. (000000007892D3B8)
[LOG] SoundI::release                          : done
[LOG] SoundI::release                          :  (000000007892CB18)
[LOG] SoundI::release                          : release subsounds. (000000007892CB18)
[LOG] SoundI::release                          :     Flecha Whoosh4.R (0000000077ECCDD8)
[LOG] SoundI::release                          :     done
[LOG] SoundI::release                          : release codec. (000000007892CB18)
[LOG] SoundI::release                          : done
[LOG] SoundI::release                          :  (000000007892D698)
[LOG] SoundI::release                          : release subsounds. (000000007892D698)
[LOG] SoundI::release                          :     Flecha Whoosh5.R (0000000077ECBBF8)
[LOG] SoundI::release                          :     done
[LOG] SoundI::release                          : release codec. (000000007892D698)
[LOG] SoundI::release                          : done
[LOG] SoundI::release                          :  (000000007892E218)
[LOG] SoundI::release                          : release subsounds. (000000007892E218)
[LOG] SoundI::release                          :     Flecha Whoosh6.R (0000000077ECD2B8)
[LOG] SoundI::release                          :     done
[LOG] SoundI::release                          : release codec. (000000007892E218)
[LOG] SoundI::release                          : done
[LOG] SoundI::release                          :  (000000007892E0A8)
[LOG] SoundI::release                          : release subsounds. (000000007892E0A8)
[LOG] SoundI::release                          :     Flecha Whoosh7.R (0000000077ECBF38)
[LOG] SoundI::release                          :     done
[LOG] SoundI::release                          : release codec. (000000007892E0A8)
[LOG] SoundI::release                          : done
[LOG] SoundI::release                          :  (000000007892C838)
[LOG] SoundI::release                          : release subsounds. (000000007892C838)
[LOG] SoundI::release                          :     Flecha Whoosh8.R (0000000077ECB8B8)
[LOG] SoundI::release                          :     done
[LOG] SoundI::release                          : release codec. (000000007892C838)
[LOG] SoundI::release                          : done
[LOG] SoundI::release                          :  (000000006E44B1F8)
[LOG] SoundI::release                          : release subsounds. (000000006E44B1F8)
[LOG] SoundI::release                          :     Flecha Whoosh9.R (0000000077EB6BB8)
[LOG] SoundI::release                          :     done
[LOG] SoundI::release                          : release codec. (000000006E44B1F8)
[LOG] SoundI::release                          : done
[LOG] Manager::readBank                        : fileversion = 99, compatVersion = 99 (oldest = 44, newest = 99)
[LOG] PlaybackSystem::acquireMasterBus         : Setting master channel group format to 6
[LOG] SystemI::createSoundInternal             : filename =  : mode 02000202
[LOG] SystemI::createSoundInternal             : exinfo->cbsize             = 232
[LOG] SystemI::createSoundInternal             : exinfo->length             = 22838624
[LOG] SystemI::createSoundInternal             : exinfo->fileoffset         = 142336
[LOG] SystemI::createSoundInternal             : exinfo->numsubsounds       = 1
[LOG] SystemI::createSoundInternal             : exinfo->inclusionlist      = 000000007C40F5FC
[LOG] SystemI::createSoundInternal             : exinfo->inclusionlistnum   = 1
[LOG] SystemI::createSoundInternal             : exinfo->suggestedsoundtype = 5
[LOG] SystemI::createSoundInternal             : exinfo->useropen           = 00007FF9AC735C70
[LOG] SystemI::createSoundInternal             : exinfo->userclose          = 00007FF9AC735C40
[LOG] SystemI::createSoundInternal             : exinfo->userread           = 00007FF9AC735D40
[LOG] SystemI::createSoundInternal             : exinfo->userseek           = 00007FF9AC735DF0
[LOG] SystemI::createSoundInternal             : exinfo->fileuserdata       = 0000000077FD6998
[LOG] SystemI::createSoundInternal             : exinfo->initialseekpostype = 1
[LOG] SystemI::DSPCodecPoolRegister            : register codec pool for pool type 5
[LOG] SystemI::createSoundInternal             : Format has 1 subsounds.
[LOG] SystemI::createSoundInternal             : Create as FMOD_CREATESAMPLE
[LOG] SystemI::createSoundInternal             : Multi-sample sound (1 subsounds), create a sample container.
[LOG] SystemI::createSoundInternal             : creating subsound 0/1
[LOG] SystemI::createSample                    : mode 02000202 length 11212 samples, lengthbytes 2208
[LOG] SystemI::createSample                    : channels = 1
[LOG] SystemI::createSample                    : output = 00000000788E3868
[LOG] OutputSoftware::createSample             : lengthpcm 11212, lengthbytes 2208, channels 1, format 2, freq 48000, mode 0200020a
[LOG] SystemI::createSoundInternal             : No name found in file, use filename.
[LOG] SystemI::createSoundInternal             : done.  OpenState now = FMOD_OPENSTATE_READY.

[LOG] SystemI::createSoundInternal             : filename =  : mode 02000202
[LOG] SystemI::createSoundInternal             : exinfo->cbsize             = 232
[LOG] SystemI::createSoundInternal             : exinfo->length             = 22838624
[LOG] SystemI::createSoundInternal             : exinfo->fileoffset         = 142336
[LOG] SystemI::createSoundInternal             : exinfo->numsubsounds       = 1
[LOG] SystemI::createSoundInternal             : exinfo->inclusionlist      = 000000007C40F5FC
[LOG] SystemI::createSoundInternal             : exinfo->inclusionlistnum   = 1
[LOG] SystemI::createSoundInternal             : exinfo->suggestedsoundtype = 5
[LOG] SystemI::createSoundInternal             : exinfo->useropen           = 00007FF9AC735C70
[LOG] SystemI::createSoundInternal             : exinfo->userclose          = 00007FF9AC735C40
[LOG] SystemI::createSoundInternal             : exinfo->userread           = 00007FF9AC735D40
[LOG] SystemI::createSoundInternal             : exinfo->userseek           = 00007FF9AC735DF0
[LOG] SystemI::createSoundInternal             : exinfo->fileuserdata       = 0000000077FD6998
[LOG] SystemI::createSoundInternal             : exinfo->initialseekpostype = 1
[LOG] SystemI::DSPCodecPoolRegister            : register codec pool for pool type 5
[LOG] SystemI::createSoundInternal             : Format has 1 subsounds.
[LOG] SystemI::createSoundInternal             : Create as FMOD_CREATESAMPLE
[LOG] SystemI::createSoundInternal             : Multi-sample sound (1 subsounds), create a sample container.
[LOG] SystemI::createSoundInternal             : creating subsound 0/1
[LOG] SystemI::createSample                    : mode 02000202 length 9609 samples, lengthbytes 2048
[LOG] SystemI::createSample                    : channels = 1
[LOG] SystemI::createSample                    : output = 00000000788E3868
[LOG] OutputSoftware::createSample             : lengthpcm 9609, lengthbytes 2048, channels 1, format 2, freq 48000, mode 0200020a
[LOG] SystemI::createSoundInternal             : No name found in file, use filename.
[LOG] SystemI::createSoundInternal             : done.  OpenState now = FMOD_OPENSTATE_READY.

[LOG] SystemI::createSoundInternal             : filename =  : mode 02000202
[LOG] SystemI::createSoundInternal             : exinfo->cbsize             = 232
[LOG] SystemI::createSoundInternal             : exinfo->length             = 22838624
[LOG] SystemI::createSoundInternal             : exinfo->fileoffset         = 142336
[LOG] SystemI::createSoundInternal             : exinfo->numsubsounds       = 1
[LOG] SystemI::createSoundInternal             : exinfo->inclusionlist      = 000000007C40F5FC
[LOG] SystemI::createSoundInternal             : exinfo->inclusionlistnum   = 1
[LOG] SystemI::createSoundInternal             : exinfo->suggestedsoundtype = 5
[LOG] SystemI::createSoundInternal             : exinfo->useropen           = 00007FF9AC735C70
[LOG] SystemI::createSoundInternal             : exinfo->userclose          = 00007FF9AC735C40
[LOG] SystemI::createSoundInternal             : exinfo->userread           = 00007FF9AC735D40
[LOG] SystemI::createSoundInternal             : exinfo->userseek           = 00007FF9AC735DF0
[LOG] SystemI::createSoundInternal             : exinfo->fileuserdata       = 0000000077FD6998
[LOG] SystemI::createSoundInternal             : exinfo->initialseekpostype = 1
[LOG] SystemI::DSPCodecPoolRegister            : register codec pool for pool type 5
[LOG] SystemI::createSoundInternal             : Format has 1 subsounds.
[LOG] SystemI::createSoundInternal             : Create as FMOD_CREATESAMPLE
[LOG] SystemI::createSoundInternal             : Multi-sample sound (1 subsounds), create a sample container.
[LOG] SystemI::createSoundInternal             : creating subsound 0/1
[LOG] SystemI::createSample                    : mode 02000202 length 11211 samples, lengthbytes 2304
[LOG] SystemI::createSample                    : channels = 1
[LOG] SystemI::createSample                    : output = 00000000788E3868
[LOG] OutputSoftware::createSample             : lengthpcm 11211, lengthbytes 2304, channels 1, format 2, freq 48000, mode 0200020a
[LOG] SystemI::createSoundInternal             : No name found in file, use filename.
[LOG] SystemI::createSoundInternal             : done.  OpenState now = FMOD_OPENSTATE_READY.

[LOG] SystemI::createSoundInternal             : filename =  : mode 02000202
[LOG] SystemI::createSoundInternal             : exinfo->cbsize             = 232
[LOG] SystemI::createSoundInternal             : exinfo->length             = 22838624
[LOG] SystemI::createSoundInternal             : exinfo->fileoffset         = 142336
[LOG] SystemI::createSoundInternal             : exinfo->numsubsounds       = 1
[LOG] SystemI::createSoundInternal             : exinfo->inclusionlist      = 000000007C40F5FC
[LOG] SystemI::createSoundInternal             : exinfo->inclusionlistnum   = 1
[LOG] SystemI::createSoundInternal             : exinfo->suggestedsoundtype = 5
[LOG] SystemI::createSoundInternal             : exinfo->useropen           = 00007FF9AC735C70
[LOG] SystemI::createSoundInternal             : exinfo->userclose          = 00007FF9AC735C40
[LOG] SystemI::createSoundInternal             : exinfo->userread           = 00007FF9AC735D40
[LOG] SystemI::createSoundInternal             : exinfo->userseek           = 00007FF9AC735DF0
[LOG] SystemI::createSoundInternal             : exinfo->fileuserdata       = 0000000077FD6998
[LOG] SystemI::createSoundInternal             : exinfo->initialseekpostype = 1
[LOG] SystemI::DSPCodecPoolRegister            : register codec pool for pool type 5
[LOG] SystemI::createSoundInternal             : Format has 1 subsounds.
[LOG] SystemI::createSoundInternal             : Create as FMOD_CREATESAMPLE
[LOG] SystemI::createSoundInternal             : Multi-sample sound (1 subsounds), create a sample container.
[LOG] SystemI::createSoundInternal             : creating subsound 0/1
[LOG] SystemI::createSample                    : mode 02000202 length 8008 samples, lengthbytes 1696
[LOG] SystemI::createSample                    : channels = 1
[LOG] SystemI::createSample                    : output = 00000000788E3868
[LOG] OutputSoftware::createSample             : lengthpcm 8008, lengthbytes 1696, channels 1, format 2, freq 48000, mode 0200020a
[LOG] SystemI::createSoundInternal             : No name found in file, use filename.
[LOG] SystemI::createSoundInternal             : done.  OpenState now = FMOD_OPENSTATE_READY.

[LOG] SystemI::createSoundInternal             : filename =  : mode 02000202
[LOG] SystemI::createSoundInternal             : exinfo->cbsize             = 232
[LOG] SystemI::createSoundInternal             : exinfo->length             = 22838624
[LOG] SystemI::createSoundInternal             : exinfo->fileoffset         = 142336
[LOG] SystemI::createSoundInternal             : exinfo->numsubsounds       = 1
[LOG] SystemI::createSoundInternal             : exinfo->inclusionlist      = 000000007C40F5FC
[LOG] SystemI::createSoundInternal             : exinfo->inclusionlistnum   = 1
[LOG] SystemI::createSoundInternal             : exinfo->suggestedsoundtype = 5
[LOG] SystemI::createSoundInternal             : exinfo->useropen           = 00007FF9AC735C70
[LOG] SystemI::createSoundInternal             : exinfo->userclose          = 00007FF9AC735C40
[LOG] SystemI::createSoundInternal             : exinfo->userread           = 00007FF9AC735D40
[LOG] SystemI::createSoundInternal             : exinfo->userseek           = 00007FF9AC735DF0
[LOG] SystemI::createSoundInternal             : exinfo->fileuserdata       = 0000000077FD6998
[LOG] SystemI::createSoundInternal             : exinfo->initialseekpostype = 1
[LOG] SystemI::DSPCodecPoolRegister            : register codec pool for pool type 5
[LOG] SystemI::createSoundInternal             : Format has 1 subsounds.
[LOG] SystemI::createSoundInternal             : Create as FMOD_CREATESAMPLE
[LOG] SystemI::createSoundInternal             : Multi-sample sound (1 subsounds), create a sample container.
[LOG] SystemI::createSoundInternal             : creating subsound 0/1
[LOG] SystemI::createSample                    : mode 02000202 length 11211 samples, lengthbytes 2240
[LOG] SystemI::createSample                    : channels = 1
[LOG] SystemI::createSample                    : output = 00000000788E3868
[LOG] OutputSoftware::createSample             : lengthpcm 11211, lengthbytes 2240, channels 1, format 2, freq 48000, mode 0200020a
[LOG] SystemI::createSoundInternal             : No name found in file, use filename.
[LOG] SystemI::createSoundInternal             : done.  OpenState now = FMOD_OPENSTATE_READY.

[LOG] SystemI::createSoundInternal             : filename =  : mode 02000202
[LOG] SystemI::createSoundInternal             : exinfo->cbsize             = 232
[LOG] SystemI::createSoundInternal             : exinfo->length             = 22838624
[LOG] SystemI::createSoundInternal             : exinfo->fileoffset         = 142336
[LOG] SystemI::createSoundInternal             : exinfo->numsubsounds       = 1
[LOG] SystemI::createSoundInternal             : exinfo->inclusionlist      = 000000007C40F5FC
[LOG] SystemI::createSoundInternal             : exinfo->inclusionlistnum   = 1
[LOG] SystemI::createSoundInternal             : exinfo->suggestedsoundtype = 5
[LOG] SystemI::createSoundInternal             : exinfo->useropen           = 00007FF9AC735C70
[LOG] SystemI::createSoundInternal             : exinfo->userclose          = 00007FF9AC735C40
[LOG] SystemI::createSoundInternal             : exinfo->userread           = 00007FF9AC735D40
[LOG] SystemI::createSoundInternal             : exinfo->userseek           = 00007FF9AC735DF0
[LOG] SystemI::createSoundInternal             : exinfo->fileuserdata       = 0000000077FD6998
[LOG] SystemI::createSoundInternal             : exinfo->initialseekpostype = 1
[LOG] SystemI::DSPCodecPoolRegister            : register codec pool for pool type 5
[LOG] SystemI::createSoundInternal             : Format has 1 subsounds.
[LOG] SystemI::createSoundInternal             : Create as FMOD_CREATESAMPLE
[LOG] SystemI::createSoundInternal             : Multi-sample sound (1 subsounds), create a sample container.
[LOG] SystemI::createSoundInternal             : creating subsound 0/1
[LOG] SystemI::createSample                    : mode 02000202 length 11211 samples, lengthbytes 2240
[LOG] SystemI::createSample                    : channels = 1
[LOG] SystemI::createSample                    : output = 00000000788E3868
[LOG] OutputSoftware::createSample             : lengthpcm 11211, lengthbytes 2240, channels 1, format 2, freq 48000, mode 0200020a
[LOG] SystemI::createSoundInternal             : No name found in file, use filename.
[LOG] SystemI::createSoundInternal             : done.  OpenState now = FMOD_OPENSTATE_READY.

[LOG] SoundI::release                          :  (000000007892C838)
[LOG] SoundI::release                          : release subsounds. (000000007892C838)
[LOG] SoundI::release                          :     Whoos_espada_1.R (0000000077ECCF78)
[LOG] SoundI::release                          :     done
[LOG] SoundI::release                          : release codec. (000000007892C838)
[LOG] SoundI::release                          : done
[LOG] SoundI::release                          :  (000000007892D3B8)
[LOG] SoundI::release                          : release subsounds. (000000007892D3B8)
[LOG] SoundI::release                          :     Whoos_espada_2.R (0000000077ECD5F8)
[LOG] SoundI::release                          :     done
[LOG] SoundI::release                          : release codec. (000000007892D3B8)
[LOG] SoundI::release                          : done
[LOG] SoundI::release                          :  (000000007892D698)
[LOG] SoundI::release                          : release subsounds. (000000007892D698)
[LOG] SoundI::release                          :     Whoos_espada_3.R (0000000077ECCDD8)
[LOG] SoundI::release                          :     done
[LOG] SoundI::release                          : release codec. (000000007892D698)
[LOG] SoundI::release                          : done
[LOG] SoundI::release                          :  (000000007892E0A8)
[LOG] SoundI::release                          : release subsounds. (000000007892E0A8)
[LOG] SoundI::release                          :     Whoos_espada_4.R (0000000077ECBF38)
[LOG] SoundI::release                          :     done
[LOG] SoundI::release                          : release codec. (000000007892E0A8)
[LOG] SoundI::release                          : done
[LOG] SoundI::release                          :  (000000007892C6C8)
[LOG] SoundI::release                          : release subsounds. (000000007892C6C8)
[LOG] SoundI::release                          :     Whoos_espada_5.R (0000000077ECD118)
[LOG] SoundI::release                          :     done
[LOG] SoundI::release                          : release codec. (000000007892C6C8)
[LOG] SoundI::release                          : done
[LOG] SoundI::release                          :  (000000007892E218)
[LOG] SoundI::release                          : release subsounds. (000000007892E218)
[LOG] SoundI::release                          :     Whoos_espada_6.R (0000000077ECCA98)
[LOG] SoundI::release                          :     done
[LOG] SoundI::release                          : release codec. (000000007892E218)
[LOG] SoundI::release                          : done
