[LOG] System::create                           : Header version = 1.10.00. Current version = 1.10.00.
[LOG] SystemI::setOutputInternal               : Setting output to type 0
[LOG] Manager::init                            : maxchannels = 1024 studioflags = 00000009 flags 00000000 extradriverdata 0000000000000000.
[LOG] SystemI::init                            : FMOD Studio Version: 00011000 (90329)
[LOG] SystemI::init                            : maxchannels = 1024, flags = 00030000, extradriverdata = 0000000000000000
[LOG] SystemI::setOutputInternal               : Setting output to type 8
[LOG] SystemI::setOutputInternal               : Setting output to type 8
[LOG] SystemI::setOutputInternal               : Setting output to type 8
[LOG] OutputWASAPI::init                       : Mix Format (WAVEFORMATEX): wFormatTag=0xFFFE, nChannels=2, nSamplesPerSec=48000, nAvgBytesPerSec=384000, nBlockAlign=8, wBitsPerSample=32, cbSize=22.
[LOG] OutputWASAPI::init                       : Mix Format (WAVEFORMATEXTENSIBLE): wValidBitsPerSample=32, dwChannelMask=0x00000003, SubFormat=00000003-0000-0010-8000-00AA00389B71.
[LOG] OutputWASAPI::init                       : Output buffer size: 4096 samples, latency: 0.00ms, period: 10.00ms, DSP buffer: 1024 * 4
[LOG] SystemI::init                            : Create master channel group and master sound group.
[LOG] SystemI::init                            : Set up emulated output.  1024 channels
[LOG] SystemI::init                            : create the channel pool
[LOG] SystemI::init                            : create the stream thread
[LOG] Thread::initThread                       : Init FMOD stream thread. Priority: 2, Stack Size: 65536, Semaphore: No, Sleep Time: 10, Looping: Yes.
[LOG] SystemI::DSPCodecPoolRegister            : register codec pool for pool type 5
[LOG] Thread::initThread                       : Init FMOD mixer thread. Priority: 3, Stack Size: 49152, Semaphore: No, Sleep Time: 0, Looping: Yes.
[LOG] AsyncManager::init                       : manager 000000009FEACBD8 isAsync 1 updatePeriod 0.02
[LOG] Thread::initThread                       : Init FMOD Studio update thread. Priority: 0, Stack Size: 65536, Semaphore: No, Sleep Time: 1, Looping: No.
[LOG] AsyncManager::init                       : done
[LOG] PlaybackSystem::init                     : 
[LOG] Thread::initThread                       : Init FMOD Studio sample load thread. Priority: 0, Stack Size: 65536, Semaphore: No, Sleep Time: 1, Looping: No.
[LOG] PlaybackSystem::init                     : done
[LOG] LiveUpdate::init                         : 
[LOG] Thread::initThread                       : Init FMOD Studio bank load thread. Priority: 0, Stack Size: 65536, Semaphore: No, Sleep Time: 1, Looping: No.
[LOG] Manager::init                            : done.
[LOG] Profile::init                            : Profiler listening on port: 9264
[LOG] Manager::readBank                        : fileversion = 99, compatVersion = 99 (oldest = 44, newest = 99)
[LOG] Manager::readBank                        : fileversion = 99, compatVersion = 99 (oldest = 44, newest = 99)
[LOG] PlaybackSystem::acquireMasterBus         : Setting master channel group format to 6
[LOG] SystemI::createSound                     : filename = D:\Dopbox\Dropbox\Jitzu_2\FERIA 4 JUEGOS\FERIA FMOD\Build\Desktop/Master Bank.bank : mode 02010082
[LOG] SystemI::createSound                     : FMOD_NONBLOCKING specified.  Putting into queue to be opened asynchronously!
[LOG] SystemI::createSound                     : setdata soundi = 0000000000187098 : node = 00000000780239F0
[LOG] SystemI::createSound                     : add node to async list : head = 0000000077A24CB8.  list count = 0
[LOG] AsyncThread::threadFunc                  : Starting Asynchronous operation on sound 0000000000187098
[LOG] SystemI::createSoundInternal             :     filename = D:\Dopbox\Dropbox\Jitzu_2\FERIA 4 JUEGOS\FERIA FMOD\Build\Desktop/Master Bank.bank : mode 02010082
[LOG] SystemI::createSoundInternal             :     exinfo->cbsize             = 232
[LOG] SystemI::createSoundInternal             :     exinfo->length             = 17500640
[LOG] SystemI::createSoundInternal             :     exinfo->fileoffset         = 51968
[LOG] SystemI::createSoundInternal             :     exinfo->numsubsounds       = 1
[LOG] SystemI::createSoundInternal             :     exinfo->inclusionlist      = 0000000078023B08
[LOG] SystemI::createSoundInternal             :     exinfo->inclusionlistnum   = 1
[LOG] SystemI::createSoundInternal             :     exinfo->suggestedsoundtype = 5
[LOG] SystemI::createSoundInternal             :     exinfo->initialseekpostype = 1
[LOG] SystemI::createSoundInternal             :     Format has 1 subsounds.
[LOG] SystemI::createSoundInternal             :     Create as FMOD_CREATESTREAM
[LOG] System::createSoundInternal              :     decode buffersize = 19200 : blocksize = 256 : format = 2
[LOG] SystemI::createSample                    :     mode 02010082 length 19200 samples, lengthbytes 1264224
[LOG] SystemI::createSample                    :     channels = 2
[LOG] SystemI::createSample                    :     output = 0000000060505F08
[LOG] OutputSoftware::createSample             :     lengthpcm 19200, lengthbytes 1264224, channels 2, format 2, freq 48000, mode 0201008a
[LOG] System::createSoundInternal              :     1 subsounds detected.
[LOG] System::createSoundInternal              :     Seek stream to start
[LOG] System::createSoundInternal              :     flush stream buffer
[LOG] System::createSoundInternal              :     flush successful.
[LOG] System::createSoundInternal              :     switch file handle from small blocking single buffered to large nonblocking doublebuffered.
[LOG] SystemI::createSoundInternal             :     done.  OpenState now = FMOD_OPENSTATE_READY.

[LOG] AsyncThread::threadFunc                  : Finished Asynchronous operation on sound 0000000000187098
[LOG] SoundI::getSubSound                      : sound 0000000000187098.  Subsound index 0 / 1
[LOG] SystemI::createSoundInternal             : filename =  : mode 02000202
[LOG] SystemI::createSoundInternal             : exinfo->cbsize             = 232
[LOG] SystemI::createSoundInternal             : exinfo->length             = 17500640
[LOG] SystemI::createSoundInternal             : exinfo->fileoffset         = 51968
[LOG] SystemI::createSoundInternal             : exinfo->numsubsounds       = 1
[LOG] SystemI::createSoundInternal             : exinfo->inclusionlist      = 000000007D95F5FC
[LOG] SystemI::createSoundInternal             : exinfo->inclusionlistnum   = 1
[LOG] SystemI::createSoundInternal             : exinfo->suggestedsoundtype = 5
[LOG] SystemI::createSoundInternal             : exinfo->useropen           = 00007FFF4B335C70
[LOG] SystemI::createSoundInternal             : exinfo->userclose          = 00007FFF4B335C40
[LOG] SystemI::createSoundInternal             : exinfo->userread           = 00007FFF4B335D40
[LOG] SystemI::createSoundInternal             : exinfo->userseek           = 00007FFF4B335DF0
[LOG] SystemI::createSoundInternal             : exinfo->fileuserdata       = 000000005FBCF458
[LOG] SystemI::createSoundInternal             : exinfo->initialseekpostype = 1
[LOG] SystemI::DSPCodecPoolRegister            : register codec pool for pool type 5
[LOG] SystemI::createSoundInternal             : Format has 1 subsounds.
[LOG] SystemI::createSoundInternal             : Create as FMOD_CREATESAMPLE
[LOG] SystemI::createSoundInternal             : Multi-sample sound (1 subsounds), create a sample container.
[LOG] SystemI::createSoundInternal             : creating subsound 0/1
[LOG] SystemI::createSample                    : mode 02000202 length 23962 samples, lengthbytes 5280
[LOG] SystemI::createSample                    : channels = 2
[LOG] SystemI::createSample                    : output = 0000000060505F08
[LOG] OutputSoftware::createSample             : lengthpcm 23962, lengthbytes 5280, channels 2, format 2, freq 48000, mode 0200020a
[LOG] SystemI::createSoundInternal             : No name found in file, use filename.
[LOG] SystemI::createSoundInternal             : done.  OpenState now = FMOD_OPENSTATE_READY.

[LOG] SystemI::createSoundInternal             : filename =  : mode 02000202
[LOG] SystemI::createSoundInternal             : exinfo->cbsize             = 232
[LOG] SystemI::createSoundInternal             : exinfo->length             = 17500640
[LOG] SystemI::createSoundInternal             : exinfo->fileoffset         = 51968
[LOG] SystemI::createSoundInternal             : exinfo->numsubsounds       = 1
[LOG] SystemI::createSoundInternal             : exinfo->inclusionlist      = 000000007D95F5FC
[LOG] SystemI::createSoundInternal             : exinfo->inclusionlistnum   = 1
[LOG] SystemI::createSoundInternal             : exinfo->suggestedsoundtype = 5
[LOG] SystemI::createSoundInternal             : exinfo->useropen           = 00007FFF4B335C70
[LOG] SystemI::createSoundInternal             : exinfo->userclose          = 00007FFF4B335C40
[LOG] SystemI::createSoundInternal             : exinfo->userread           = 00007FFF4B335D40
[LOG] SystemI::createSoundInternal             : exinfo->userseek           = 00007FFF4B335DF0
[LOG] SystemI::createSoundInternal             : exinfo->fileuserdata       = 000000005FBCF458
[LOG] SystemI::createSoundInternal             : exinfo->initialseekpostype = 1
[LOG] SystemI::DSPCodecPoolRegister            : register codec pool for pool type 5
[LOG] SystemI::createSoundInternal             : Format has 1 subsounds.
[LOG] SystemI::createSoundInternal             : Create as FMOD_CREATESAMPLE
[LOG] SystemI::createSoundInternal             : Multi-sample sound (1 subsounds), create a sample container.
[LOG] SystemI::createSoundInternal             : creating subsound 0/1
[LOG] SystemI::createSample                    : mode 02000202 length 34551 samples, lengthbytes 7648
[LOG] SystemI::createSample                    : channels = 2
[LOG] SystemI::createSample                    : output = 0000000060505F08
[LOG] OutputSoftware::createSample             : lengthpcm 34551, lengthbytes 7648, channels 2, format 2, freq 48000, mode 0200020a
[LOG] SystemI::createSoundInternal             : No name found in file, use filename.
[LOG] SystemI::createSoundInternal             : done.  OpenState now = FMOD_OPENSTATE_READY.

[LOG] SystemI::createSoundInternal             : filename =  : mode 02000202
[LOG] SystemI::createSoundInternal             : exinfo->cbsize             = 232
[LOG] SystemI::createSoundInternal             : exinfo->length             = 17500640
[LOG] SystemI::createSoundInternal             : exinfo->fileoffset         = 51968
[LOG] SystemI::createSoundInternal             : exinfo->numsubsounds       = 1
[LOG] SystemI::createSoundInternal             : exinfo->inclusionlist      = 000000007D95F5FC
[LOG] SystemI::createSoundInternal             : exinfo->inclusionlistnum   = 1
[LOG] SystemI::createSoundInternal             : exinfo->suggestedsoundtype = 5
[LOG] SystemI::createSoundInternal             : exinfo->useropen           = 00007FFF4B335C70
[LOG] SystemI::createSoundInternal             : exinfo->userclose          = 00007FFF4B335C40
[LOG] SystemI::createSoundInternal             : exinfo->userread           = 00007FFF4B335D40
[LOG] SystemI::createSoundInternal             : exinfo->userseek           = 00007FFF4B335DF0
[LOG] SystemI::createSoundInternal             : exinfo->fileuserdata       = 000000005FBCF458
[LOG] SystemI::createSoundInternal             : exinfo->initialseekpostype = 1
[LOG] SystemI::DSPCodecPoolRegister            : register codec pool for pool type 5
[LOG] SystemI::createSoundInternal             : Format has 1 subsounds.
[LOG] SystemI::createSoundInternal             : Create as FMOD_CREATESAMPLE
[LOG] SystemI::createSoundInternal             : Multi-sample sound (1 subsounds), create a sample container.
[LOG] SystemI::createSoundInternal             : creating subsound 0/1
[LOG] SystemI::createSample                    : mode 02000202 length 30093 samples, lengthbytes 6496
[LOG] SystemI::createSample                    : channels = 2
[LOG] SystemI::createSample                    : output = 0000000060505F08
[LOG] OutputSoftware::createSample             : lengthpcm 30093, lengthbytes 6496, channels 2, format 2, freq 48000, mode 0200020a
[LOG] SystemI::createSoundInternal             : No name found in file, use filename.
[LOG] SystemI::createSoundInternal             : done.  OpenState now = FMOD_OPENSTATE_READY.

[LOG] SystemI::createSoundInternal             : filename =  : mode 02000202
[LOG] SystemI::createSoundInternal             : exinfo->cbsize             = 232
[LOG] SystemI::createSoundInternal             : exinfo->length             = 17500640
[LOG] SystemI::createSoundInternal             : exinfo->fileoffset         = 51968
[LOG] SystemI::createSoundInternal             : exinfo->numsubsounds       = 1
[LOG] SystemI::createSoundInternal             : exinfo->inclusionlist      = 000000007D95F5FC
[LOG] SystemI::createSoundInternal             : exinfo->inclusionlistnum   = 1
[LOG] SystemI::createSoundInternal             : exinfo->suggestedsoundtype = 5
[LOG] SystemI::createSoundInternal             : exinfo->useropen           = 00007FFF4B335C70
[LOG] SystemI::createSoundInternal             : exinfo->userclose          = 00007FFF4B335C40
[LOG] SystemI::createSoundInternal             : exinfo->userread           = 00007FFF4B335D40
[LOG] SystemI::createSoundInternal             : exinfo->userseek           = 00007FFF4B335DF0
[LOG] SystemI::createSoundInternal             : exinfo->fileuserdata       = 000000005FBCF458
[LOG] SystemI::createSoundInternal             : exinfo->initialseekpostype = 1
[LOG] SystemI::DSPCodecPoolRegister            : register codec pool for pool type 5
[LOG] SystemI::createSoundInternal             : Format has 1 subsounds.
[LOG] SystemI::createSoundInternal             : Create as FMOD_CREATESAMPLE
[LOG] SystemI::createSoundInternal             : Multi-sample sound (1 subsounds), create a sample container.
[LOG] SystemI::createSoundInternal             : creating subsound 0/1
[LOG] SystemI::createSample                    : mode 02000202 length 21176 samples, lengthbytes 4640
[LOG] SystemI::createSample                    : channels = 2
[LOG] SystemI::createSample                    : output = 0000000060505F08
[LOG] OutputSoftware::createSample             : lengthpcm 21176, lengthbytes 4640, channels 2, format 2, freq 48000, mode 0200020a
[LOG] SystemI::createSoundInternal             : No name found in file, use filename.
[LOG] SystemI::createSoundInternal             : done.  OpenState now = FMOD_OPENSTATE_READY.

[LOG] SystemI::createSoundInternal             : filename =  : mode 02000202
[LOG] SystemI::createSoundInternal             : exinfo->cbsize             = 232
[LOG] SystemI::createSoundInternal             : exinfo->length             = 17500640
[LOG] SystemI::createSoundInternal             : exinfo->fileoffset         = 51968
[LOG] SystemI::createSoundInternal             : exinfo->numsubsounds       = 1
[LOG] SystemI::createSoundInternal             : exinfo->inclusionlist      = 000000007D95F5FC
[LOG] SystemI::createSoundInternal             : exinfo->inclusionlistnum   = 1
[LOG] SystemI::createSoundInternal             : exinfo->suggestedsoundtype = 5
[LOG] SystemI::createSoundInternal             : exinfo->useropen           = 00007FFF4B335C70
[LOG] SystemI::createSoundInternal             : exinfo->userclose          = 00007FFF4B335C40
[LOG] SystemI::createSoundInternal             : exinfo->userread           = 00007FFF4B335D40
[LOG] SystemI::createSoundInternal             : exinfo->userseek           = 00007FFF4B335DF0
[LOG] SystemI::createSoundInternal             : exinfo->fileuserdata       = 000000005FBCF458
[LOG] SystemI::createSoundInternal             : exinfo->initialseekpostype = 1
[LOG] SystemI::DSPCodecPoolRegister            : register codec pool for pool type 5
[LOG] SystemI::createSoundInternal             : Format has 1 subsounds.
[LOG] SystemI::createSoundInternal             : Create as FMOD_CREATESAMPLE
[LOG] SystemI::createSoundInternal             : Multi-sample sound (1 subsounds), create a sample container.
[LOG] SystemI::createSoundInternal             : creating subsound 0/1
[LOG] SystemI::createSample                    : mode 02000202 length 49933 samples, lengthbytes 10688
[LOG] SystemI::createSample                    : channels = 2
[LOG] SystemI::createSample                    : output = 0000000060505F08
[LOG] OutputSoftware::createSample             : lengthpcm 49933, lengthbytes 10688, channels 2, format 2, freq 48000, mode 0200020a
[LOG] SystemI::createSoundInternal             : No name found in file, use filename.
[LOG] SystemI::createSoundInternal             : done.  OpenState now = FMOD_OPENSTATE_READY.

[LOG] SystemI::createSoundInternal             : filename =  : mode 02000202
[LOG] SystemI::createSoundInternal             : exinfo->cbsize             = 232
[LOG] SystemI::createSoundInternal             : exinfo->length             = 17500640
[LOG] SystemI::createSoundInternal             : exinfo->fileoffset         = 51968
[LOG] SystemI::createSoundInternal             : exinfo->numsubsounds       = 1
[LOG] SystemI::createSoundInternal             : exinfo->inclusionlist      = 000000007D95F5FC
[LOG] SystemI::createSoundInternal             : exinfo->inclusionlistnum   = 1
[LOG] SystemI::createSoundInternal             : exinfo->suggestedsoundtype = 5
[LOG] SystemI::createSoundInternal             : exinfo->useropen           = 00007FFF4B335C70
[LOG] SystemI::createSoundInternal             : exinfo->userclose          = 00007FFF4B335C40
[LOG] SystemI::createSoundInternal             : exinfo->userread           = 00007FFF4B335D40
[LOG] SystemI::createSoundInternal             : exinfo->userseek           = 00007FFF4B335DF0
[LOG] SystemI::createSoundInternal             : exinfo->fileuserdata       = 000000005FBCF458
[LOG] SystemI::createSoundInternal             : exinfo->initialseekpostype = 1
[LOG] SystemI::DSPCodecPoolRegister            : register codec pool for pool type 5
[LOG] SystemI::createSoundInternal             : Format has 1 subsounds.
[LOG] SystemI::createSoundInternal             : Create as FMOD_CREATESAMPLE
[LOG] SystemI::createSoundInternal             : Multi-sample sound (1 subsounds), create a sample container.
[LOG] SystemI::createSoundInternal             : creating subsound 0/1
[LOG] SystemI::createSample                    : mode 02000202 length 32322 samples, lengthbytes 6720
[LOG] SystemI::createSample                    : channels = 2
[LOG] SystemI::createSample                    : output = 0000000060505F08
[LOG] OutputSoftware::createSample             : lengthpcm 32322, lengthbytes 6720, channels 2, format 2, freq 48000, mode 0200020a
[LOG] SystemI::createSoundInternal             : No name found in file, use filename.
[LOG] SystemI::createSoundInternal             : done.  OpenState now = FMOD_OPENSTATE_READY.

[LOG] SystemI::createSoundInternal             : filename =  : mode 02000202
[LOG] SystemI::createSoundInternal             : exinfo->cbsize             = 232
[LOG] SystemI::createSoundInternal             : exinfo->length             = 17500640
[LOG] SystemI::createSoundInternal             : exinfo->fileoffset         = 51968
[LOG] SystemI::createSoundInternal             : exinfo->numsubsounds       = 1
[LOG] SystemI::createSoundInternal             : exinfo->inclusionlist      = 000000007D95F5FC
[LOG] SystemI::createSoundInternal             : exinfo->inclusionlistnum   = 1
[LOG] SystemI::createSoundInternal             : exinfo->suggestedsoundtype = 5
[LOG] SystemI::createSoundInternal             : exinfo->useropen           = 00007FFF4B335C70
[LOG] SystemI::createSoundInternal             : exinfo->userclose          = 00007FFF4B335C40
[LOG] SystemI::createSoundInternal             : exinfo->userread           = 00007FFF4B335D40
[LOG] SystemI::createSoundInternal             : exinfo->userseek           = 00007FFF4B335DF0
[LOG] SystemI::createSoundInternal             : exinfo->fileuserdata       = 000000005FBCF458
[LOG] SystemI::createSoundInternal             : exinfo->initialseekpostype = 1
[LOG] SystemI::DSPCodecPoolRegister            : register codec pool for pool type 5
[LOG] SystemI::createSoundInternal             : Format has 1 subsounds.
[LOG] SystemI::createSoundInternal             : Create as FMOD_CREATESAMPLE
[LOG] SystemI::createSoundInternal             : Multi-sample sound (1 subsounds), create a sample container.
[LOG] SystemI::createSoundInternal             : creating subsound 0/1
[LOG] SystemI::createSample                    : mode 02000202 length 37616 samples, lengthbytes 8480
[LOG] SystemI::createSample                    : channels = 2
[LOG] SystemI::createSample                    : output = 0000000060505F08
[LOG] OutputSoftware::createSample             : lengthpcm 37616, lengthbytes 8480, channels 2, format 2, freq 48000, mode 0200020a
[LOG] SystemI::createSoundInternal             : No name found in file, use filename.
[LOG] SystemI::createSoundInternal             : done.  OpenState now = FMOD_OPENSTATE_READY.

[LOG] SystemI::createSoundInternal             : filename =  : mode 02000202
[LOG] SystemI::createSoundInternal             : exinfo->cbsize             = 232
[LOG] SystemI::createSoundInternal             : exinfo->length             = 17500640
[LOG] SystemI::createSoundInternal             : exinfo->fileoffset         = 51968
[LOG] SystemI::createSoundInternal             : exinfo->numsubsounds       = 1
[LOG] SystemI::createSoundInternal             : exinfo->inclusionlist      = 000000007D95F5FC
[LOG] SystemI::createSoundInternal             : exinfo->inclusionlistnum   = 1
[LOG] SystemI::createSoundInternal             : exinfo->suggestedsoundtype = 5
[LOG] SystemI::createSoundInternal             : exinfo->useropen           = 00007FFF4B335C70
[LOG] SystemI::createSoundInternal             : exinfo->userclose          = 00007FFF4B335C40
[LOG] SystemI::createSoundInternal             : exinfo->userread           = 00007FFF4B335D40
[LOG] SystemI::createSoundInternal             : exinfo->userseek           = 00007FFF4B335DF0
[LOG] SystemI::createSoundInternal             : exinfo->fileuserdata       = 000000005FBCF458
[LOG] SystemI::createSoundInternal             : exinfo->initialseekpostype = 1
[LOG] SystemI::DSPCodecPoolRegister            : register codec pool for pool type 5
[LOG] SystemI::createSoundInternal             : Format has 1 subsounds.
[LOG] SystemI::createSoundInternal             : Create as FMOD_CREATESAMPLE
[LOG] SystemI::createSoundInternal             : Multi-sample sound (1 subsounds), create a sample container.
[LOG] SystemI::createSoundInternal             : creating subsound 0/1
[LOG] SystemI::createSample                    : mode 02000202 length 30650 samples, lengthbytes 6368
[LOG] SystemI::createSample                    : channels = 2
[LOG] SystemI::createSample                    : output = 0000000060505F08
[LOG] OutputSoftware::createSample             : lengthpcm 30650, lengthbytes 6368, channels 2, format 2, freq 48000, mode 0200020a
[LOG] SystemI::createSoundInternal             : No name found in file, use filename.
[LOG] SystemI::createSoundInternal             : done.  OpenState now = FMOD_OPENSTATE_READY.

[LOG] SystemI::createSoundInternal             : filename =  : mode 02000202
[LOG] SystemI::createSoundInternal             : exinfo->cbsize             = 232
[LOG] SystemI::createSoundInternal             : exinfo->length             = 17500640
[LOG] SystemI::createSoundInternal             : exinfo->fileoffset         = 51968
[LOG] SystemI::createSoundInternal             : exinfo->numsubsounds       = 1
[LOG] SystemI::createSoundInternal             : exinfo->inclusionlist      = 000000007D95F5FC
[LOG] SystemI::createSoundInternal             : exinfo->inclusionlistnum   = 1
[LOG] SystemI::createSoundInternal             : exinfo->suggestedsoundtype = 5
[LOG] SystemI::createSoundInternal             : exinfo->useropen           = 00007FFF4B335C70
[LOG] SystemI::createSoundInternal             : exinfo->userclose          = 00007FFF4B335C40
[LOG] SystemI::createSoundInternal             : exinfo->userread           = 00007FFF4B335D40
[LOG] SystemI::createSoundInternal             : exinfo->userseek           = 00007FFF4B335DF0
[LOG] SystemI::createSoundInternal             : exinfo->fileuserdata       = 000000005FBCF458
[LOG] SystemI::createSoundInternal             : exinfo->initialseekpostype = 1
[LOG] SystemI::DSPCodecPoolRegister            : register codec pool for pool type 5
[LOG] SystemI::createSoundInternal             : Format has 1 subsounds.
[LOG] SystemI::createSoundInternal             : Create as FMOD_CREATESAMPLE
[LOG] SystemI::createSoundInternal             : Multi-sample sound (1 subsounds), create a sample container.
[LOG] SystemI::createSoundInternal             : creating subsound 0/1
[LOG] SystemI::createSample                    : mode 02000202 length 81641 samples, lengthbytes 16576
[LOG] SystemI::createSample                    : channels = 2
[LOG] SystemI::createSample                    : output = 0000000060505F08
[LOG] OutputSoftware::createSample             : lengthpcm 81641, lengthbytes 16576, channels 2, format 2, freq 48000, mode 0200020a
[LOG] SystemI::createSoundInternal             : No name found in file, use filename.
[LOG] SystemI::createSoundInternal             : done.  OpenState now = FMOD_OPENSTATE_READY.

[LOG] SystemI::createSoundInternal             : filename =  : mode 02000202
[LOG] SystemI::createSoundInternal             : exinfo->cbsize             = 232
[LOG] SystemI::createSoundInternal             : exinfo->length             = 17500640
[LOG] SystemI::createSoundInternal             : exinfo->fileoffset         = 51968
[LOG] SystemI::createSoundInternal             : exinfo->numsubsounds       = 1
[LOG] SystemI::createSoundInternal             : exinfo->inclusionlist      = 000000007D95F5FC
[LOG] SystemI::createSoundInternal             : exinfo->inclusionlistnum   = 1
[LOG] SystemI::createSoundInternal             : exinfo->suggestedsoundtype = 5
[LOG] SystemI::createSoundInternal             : exinfo->useropen           = 00007FFF4B335C70
[LOG] SystemI::createSoundInternal             : exinfo->userclose          = 00007FFF4B335C40
[LOG] SystemI::createSoundInternal             : exinfo->userread           = 00007FFF4B335D40
[LOG] SystemI::createSoundInternal             : exinfo->userseek           = 00007FFF4B335DF0
[LOG] SystemI::createSoundInternal             : exinfo->fileuserdata       = 000000005FBCF458
[LOG] SystemI::createSoundInternal             : exinfo->initialseekpostype = 1
[LOG] SystemI::DSPCodecPoolRegister            : register codec pool for pool type 5
[LOG] SystemI::createSoundInternal             : Format has 1 subsounds.
[LOG] SystemI::createSoundInternal             : Create as FMOD_CREATESAMPLE
[LOG] SystemI::createSoundInternal             : Multi-sample sound (1 subsounds), create a sample container.
[LOG] SystemI::createSoundInternal             : creating subsound 0/1
[LOG] SystemI::createSample                    : mode 02000202 length 30371 samples, lengthbytes 6400
[LOG] SystemI::createSample                    : channels = 2
[LOG] SystemI::createSample                    : output = 0000000060505F08
[LOG] OutputSoftware::createSample             : lengthpcm 30371, lengthbytes 6400, channels 2, format 2, freq 48000, mode 0200020a
[LOG] SystemI::createSoundInternal             : No name found in file, use filename.
[LOG] SystemI::createSoundInternal             : done.  OpenState now = FMOD_OPENSTATE_READY.

[LOG] SystemI::createSoundInternal             : filename =  : mode 02000202
[LOG] SystemI::createSoundInternal             : exinfo->cbsize             = 232
[LOG] SystemI::createSoundInternal             : exinfo->length             = 17500640
[LOG] SystemI::createSoundInternal             : exinfo->fileoffset         = 51968
[LOG] SystemI::createSoundInternal             : exinfo->numsubsounds       = 1
[LOG] SystemI::createSoundInternal             : exinfo->inclusionlist      = 000000007D95F5FC
[LOG] SystemI::createSoundInternal             : exinfo->inclusionlistnum   = 1
[LOG] SystemI::createSoundInternal             : exinfo->suggestedsoundtype = 5
[LOG] SystemI::createSoundInternal             : exinfo->useropen           = 00007FFF4B335C70
[LOG] SystemI::createSoundInternal             : exinfo->userclose          = 00007FFF4B335C40
[LOG] SystemI::createSoundInternal             : exinfo->userread           = 00007FFF4B335D40
[LOG] SystemI::createSoundInternal             : exinfo->userseek           = 00007FFF4B335DF0
[LOG] SystemI::createSoundInternal             : exinfo->fileuserdata       = 000000005FBCF458
[LOG] SystemI::createSoundInternal             : exinfo->initialseekpostype = 1
[LOG] SystemI::DSPCodecPoolRegister            : register codec pool for pool type 5
[LOG] SystemI::createSoundInternal             : Format has 1 subsounds.
[LOG] SystemI::createSoundInternal             : Create as FMOD_CREATESAMPLE
[LOG] SystemI::createSoundInternal             : Multi-sample sound (1 subsounds), create a sample container.
[LOG] SystemI::createSoundInternal             : creating subsound 0/1
[LOG] SystemI::createSample                    : mode 02000202 length 64365 samples, lengthbytes 13376
[LOG] SystemI::createSample                    : channels = 2
[LOG] SystemI::createSample                    : output = 0000000060505F08
[LOG] OutputSoftware::createSample             : lengthpcm 64365, lengthbytes 13376, channels 2, format 2, freq 48000, mode 0200020a
[LOG] SystemI::createSoundInternal             : No name found in file, use filename.
[LOG] SystemI::createSoundInternal             : done.  OpenState now = FMOD_OPENSTATE_READY.

[LOG] SystemI::createSoundInternal             : filename =  : mode 02000202
[LOG] SystemI::createSoundInternal             : exinfo->cbsize             = 232
[LOG] SystemI::createSoundInternal             : exinfo->length             = 17500640
[LOG] SystemI::createSoundInternal             : exinfo->fileoffset         = 51968
[LOG] SystemI::createSoundInternal             : exinfo->numsubsounds       = 1
[LOG] SystemI::createSoundInternal             : exinfo->inclusionlist      = 000000007D95F5FC
[LOG] SystemI::createSoundInternal             : exinfo->inclusionlistnum   = 1
[LOG] SystemI::createSoundInternal             : exinfo->suggestedsoundtype = 5
[LOG] SystemI::createSoundInternal             : exinfo->useropen           = 00007FFF4B335C70
[LOG] SystemI::createSoundInternal             : exinfo->userclose          = 00007FFF4B335C40
[LOG] SystemI::createSoundInternal             : exinfo->userread           = 00007FFF4B335D40
[LOG] SystemI::createSoundInternal             : exinfo->userseek           = 00007FFF4B335DF0
[LOG] SystemI::createSoundInternal             : exinfo->fileuserdata       = 000000005FBCF458
[LOG] SystemI::createSoundInternal             : exinfo->initialseekpostype = 1
[LOG] SystemI::DSPCodecPoolRegister            : register codec pool for pool type 5
[LOG] SystemI::createSoundInternal             : Format has 1 subsounds.
[LOG] SystemI::createSoundInternal             : Create as FMOD_CREATESAMPLE
[LOG] SystemI::createSoundInternal             : Multi-sample sound (1 subsounds), create a sample container.
[LOG] SystemI::createSoundInternal             : creating subsound 0/1
[LOG] SystemI::createSample                    : mode 02000202 length 30371 samples, lengthbytes 6304
[LOG] SystemI::createSample                    : channels = 2
[LOG] SystemI::createSample                    : output = 0000000060505F08
[LOG] OutputSoftware::createSample             : lengthpcm 30371, lengthbytes 6304, channels 2, format 2, freq 48000, mode 0200020a
[LOG] SystemI::createSoundInternal             : No name found in file, use filename.
[LOG] SystemI::createSoundInternal             : done.  OpenState now = FMOD_OPENSTATE_READY.

[LOG] SystemI::createSoundInternal             : filename =  : mode 02000202
[LOG] SystemI::createSoundInternal             : exinfo->cbsize             = 232
[LOG] SystemI::createSoundInternal             : exinfo->length             = 17500640
[LOG] SystemI::createSoundInternal             : exinfo->fileoffset         = 51968
[LOG] SystemI::createSoundInternal             : exinfo->numsubsounds       = 1
[LOG] SystemI::createSoundInternal             : exinfo->inclusionlist      = 000000007D95F5FC
[LOG] SystemI::createSoundInternal             : exinfo->inclusionlistnum   = 1
[LOG] SystemI::createSoundInternal             : exinfo->suggestedsoundtype = 5
[LOG] SystemI::createSoundInternal             : exinfo->useropen           = 00007FFF4B335C70
[LOG] SystemI::createSoundInternal             : exinfo->userclose          = 00007FFF4B335C40
[LOG] SystemI::createSoundInternal             : exinfo->userread           = 00007FFF4B335D40
[LOG] SystemI::createSoundInternal             : exinfo->userseek           = 00007FFF4B335DF0
[LOG] SystemI::createSoundInternal             : exinfo->fileuserdata       = 000000005FBCF458
[LOG] SystemI::createSoundInternal             : exinfo->initialseekpostype = 1
[LOG] SystemI::DSPCodecPoolRegister            : register codec pool for pool type 5
[LOG] SystemI::createSoundInternal             : Format has 1 subsounds.
[LOG] SystemI::createSoundInternal             : Create as FMOD_CREATESAMPLE
[LOG] SystemI::createSoundInternal             : Multi-sample sound (1 subsounds), create a sample container.
[LOG] SystemI::createSoundInternal             : creating subsound 0/1
[LOG] SystemI::createSample                    : mode 02000202 length 76904 samples, lengthbytes 17056
[LOG] SystemI::createSample                    : channels = 2
[LOG] SystemI::createSample                    : output = 0000000060505F08
[LOG] OutputSoftware::createSample             : lengthpcm 76904, lengthbytes 17056, channels 2, format 2, freq 48000, mode 0200020a
[LOG] SystemI::createSoundInternal             : No name found in file, use filename.
[LOG] SystemI::createSoundInternal             : done.  OpenState now = FMOD_OPENSTATE_READY.

[LOG] SystemI::createSoundInternal             : filename =  : mode 02000202
[LOG] SystemI::createSoundInternal             : exinfo->cbsize             = 232
[LOG] SystemI::createSoundInternal             : exinfo->length             = 17500640
[LOG] SystemI::createSoundInternal             : exinfo->fileoffset         = 51968
[LOG] SystemI::createSoundInternal             : exinfo->numsubsounds       = 1
[LOG] SystemI::createSoundInternal             : exinfo->inclusionlist      = 000000007D95F5FC
[LOG] SystemI::createSoundInternal             : exinfo->inclusionlistnum   = 1
[LOG] SystemI::createSoundInternal             : exinfo->suggestedsoundtype = 5
[LOG] SystemI::createSoundInternal             : exinfo->useropen           = 00007FFF4B335C70
[LOG] SystemI::createSoundInternal             : exinfo->userclose          = 00007FFF4B335C40
[LOG] SystemI::createSoundInternal             : exinfo->userread           = 00007FFF4B335D40
[LOG] SystemI::createSoundInternal             : exinfo->userseek           = 00007FFF4B335DF0
[LOG] SystemI::createSoundInternal             : exinfo->fileuserdata       = 000000005FBCF458
[LOG] SystemI::createSoundInternal             : exinfo->initialseekpostype = 1
[LOG] SystemI::DSPCodecPoolRegister            : register codec pool for pool type 5
[LOG] SystemI::createSoundInternal             : Format has 1 subsounds.
[LOG] SystemI::createSoundInternal             : Create as FMOD_CREATESAMPLE
[LOG] SystemI::createSoundInternal             : Multi-sample sound (1 subsounds), create a sample container.
[LOG] SystemI::createSoundInternal             : creating subsound 0/1
[LOG] SystemI::createSample                    : mode 02000202 length 32043 samples, lengthbytes 6496
[LOG] SystemI::createSample                    : channels = 2
[LOG] SystemI::createSample                    : output = 0000000060505F08
[LOG] OutputSoftware::createSample             : lengthpcm 32043, lengthbytes 6496, channels 2, format 2, freq 48000, mode 0200020a
[LOG] SystemI::createSoundInternal             : No name found in file, use filename.
[LOG] SystemI::createSoundInternal             : done.  OpenState now = FMOD_OPENSTATE_READY.

[LOG] SystemI::createSoundInternal             : filename =  : mode 02000202
[LOG] SystemI::createSoundInternal             : exinfo->cbsize             = 232
[LOG] SystemI::createSoundInternal             : exinfo->length             = 17500640
[LOG] SystemI::createSoundInternal             : exinfo->fileoffset         = 51968
[LOG] SystemI::createSoundInternal             : exinfo->numsubsounds       = 1
[LOG] SystemI::createSoundInternal             : exinfo->inclusionlist      = 000000007D95F5FC
[LOG] SystemI::createSoundInternal             : exinfo->inclusionlistnum   = 1
[LOG] SystemI::createSoundInternal             : exinfo->suggestedsoundtype = 5
[LOG] SystemI::createSoundInternal             : exinfo->useropen           = 00007FFF4B335C70
[LOG] SystemI::createSoundInternal             : exinfo->userclose          = 00007FFF4B335C40
[LOG] SystemI::createSoundInternal             : exinfo->userread           = 00007FFF4B335D40
[LOG] SystemI::createSoundInternal             : exinfo->userseek           = 00007FFF4B335DF0
[LOG] SystemI::createSoundInternal             : exinfo->fileuserdata       = 000000005FBCF458
[LOG] SystemI::createSoundInternal             : exinfo->initialseekpostype = 1
[LOG] SystemI::DSPCodecPoolRegister            : register codec pool for pool type 5
[LOG] SystemI::createSoundInternal             : Format has 1 subsounds.
[LOG] SystemI::createSoundInternal             : Create as FMOD_CREATESAMPLE
[LOG] SystemI::createSoundInternal             : Multi-sample sound (1 subsounds), create a sample container.
[LOG] SystemI::createSoundInternal             : creating subsound 0/1
[LOG] SystemI::createSample                    : mode 02000202 length 32043 samples, lengthbytes 6688
[LOG] SystemI::createSample                    : channels = 2
[LOG] SystemI::createSample                    : output = 0000000060505F08
[LOG] OutputSoftware::createSample             : lengthpcm 32043, lengthbytes 6688, channels 2, format 2, freq 48000, mode 0200020a
[LOG] SystemI::createSoundInternal             : No name found in file, use filename.
[LOG] SystemI::createSoundInternal             : done.  OpenState now = FMOD_OPENSTATE_READY.

[LOG] SystemI::createSoundInternal             : filename =  : mode 02000202
[LOG] SystemI::createSoundInternal             : exinfo->cbsize             = 232
[LOG] SystemI::createSoundInternal             : exinfo->length             = 17500640
[LOG] SystemI::createSoundInternal             : exinfo->fileoffset         = 51968
[LOG] SystemI::createSoundInternal             : exinfo->numsubsounds       = 1
[LOG] SystemI::createSoundInternal             : exinfo->inclusionlist      = 000000007D95F5FC
[LOG] SystemI::createSoundInternal             : exinfo->inclusionlistnum   = 1
[LOG] SystemI::createSoundInternal             : exinfo->suggestedsoundtype = 5
[LOG] SystemI::createSoundInternal             : exinfo->useropen           = 00007FFF4B335C70
[LOG] SystemI::createSoundInternal             : exinfo->userclose          = 00007FFF4B335C40
[LOG] SystemI::createSoundInternal             : exinfo->userread           = 00007FFF4B335D40
[LOG] SystemI::createSoundInternal             : exinfo->userseek           = 00007FFF4B335DF0
[LOG] SystemI::createSoundInternal             : exinfo->fileuserdata       = 000000005FBCF458
[LOG] SystemI::createSoundInternal             : exinfo->initialseekpostype = 1
[LOG] SystemI::DSPCodecPoolRegister            : register codec pool for pool type 5
[LOG] SystemI::createSoundInternal             : Format has 1 subsounds.
[LOG] SystemI::createSoundInternal             : Create as FMOD_CREATESAMPLE
[LOG] SystemI::createSoundInternal             : Multi-sample sound (1 subsounds), create a sample container.
[LOG] SystemI::createSoundInternal             : creating subsound 0/1
[LOG] SystemI::createSample                    : mode 02000202 length 25913 samples, lengthbytes 5504
[LOG] SystemI::createSample                    : channels = 2
[LOG] SystemI::createSample                    : output = 0000000060505F08
[LOG] OutputSoftware::createSample             : lengthpcm 25913, lengthbytes 5504, channels 2, format 2, freq 48000, mode 0200020a
[LOG] SystemI::createSoundInternal             : No name found in file, use filename.
[LOG] SystemI::createSoundInternal             : done.  OpenState now = FMOD_OPENSTATE_READY.

[LOG] SystemI::createSoundInternal             : filename =  : mode 02000202
[LOG] SystemI::createSoundInternal             : exinfo->cbsize             = 232
[LOG] SystemI::createSoundInternal             : exinfo->length             = 17500640
[LOG] SystemI::createSoundInternal             : exinfo->fileoffset         = 51968
[LOG] SystemI::createSoundInternal             : exinfo->numsubsounds       = 1
[LOG] SystemI::createSoundInternal             : exinfo->inclusionlist      = 000000007D95F5FC
[LOG] SystemI::createSoundInternal             : exinfo->inclusionlistnum   = 1
[LOG] SystemI::createSoundInternal             : exinfo->suggestedsoundtype = 5
[LOG] SystemI::createSoundInternal             : exinfo->useropen           = 00007FFF4B335C70
[LOG] SystemI::createSoundInternal             : exinfo->userclose          = 00007FFF4B335C40
[LOG] SystemI::createSoundInternal             : exinfo->userread           = 00007FFF4B335D40
[LOG] SystemI::createSoundInternal             : exinfo->userseek           = 00007FFF4B335DF0
[LOG] SystemI::createSoundInternal             : exinfo->fileuserdata       = 000000005FBCF458
[LOG] SystemI::createSoundInternal             : exinfo->initialseekpostype = 1
[LOG] SystemI::DSPCodecPoolRegister            : register codec pool for pool type 5
[LOG] SystemI::createSoundInternal             : Format has 1 subsounds.
[LOG] SystemI::createSoundInternal             : Create as FMOD_CREATESAMPLE
[LOG] SystemI::createSoundInternal             : Multi-sample sound (1 subsounds), create a sample container.
[LOG] SystemI::createSoundInternal             : creating subsound 0/1
[LOG] SystemI::createSample                    : mode 02000202 length 51548 samples, lengthbytes 11296
[LOG] SystemI::createSample                    : channels = 2
[LOG] SystemI::createSample                    : output = 0000000060505F08
[LOG] OutputSoftware::createSample             : lengthpcm 51548, lengthbytes 11296, channels 2, format 2, freq 48000, mode 0200020a
[LOG] SystemI::createSoundInternal             : No name found in file, use filename.
[LOG] SystemI::createSoundInternal             : done.  OpenState now = FMOD_OPENSTATE_READY.

[LOG] SystemI::createSoundInternal             : filename =  : mode 02000202
[LOG] SystemI::createSoundInternal             : exinfo->cbsize             = 232
[LOG] SystemI::createSoundInternal             : exinfo->length             = 17500640
[LOG] SystemI::createSoundInternal             : exinfo->fileoffset         = 51968
[LOG] SystemI::createSoundInternal             : exinfo->numsubsounds       = 1
[LOG] SystemI::createSoundInternal             : exinfo->inclusionlist      = 000000007D95F5FC
[LOG] SystemI::createSoundInternal             : exinfo->inclusionlistnum   = 1
[LOG] SystemI::createSoundInternal             : exinfo->suggestedsoundtype = 5
[LOG] SystemI::createSoundInternal             : exinfo->useropen           = 00007FFF4B335C70
[LOG] SystemI::createSoundInternal             : exinfo->userclose          = 00007FFF4B335C40
[LOG] SystemI::createSoundInternal             : exinfo->userread           = 00007FFF4B335D40
[LOG] SystemI::createSoundInternal             : exinfo->userseek           = 00007FFF4B335DF0
[LOG] SystemI::createSoundInternal             : exinfo->fileuserdata       = 000000005FBCF458
[LOG] SystemI::createSoundInternal             : exinfo->initialseekpostype = 1
[LOG] SystemI::DSPCodecPoolRegister            : register codec pool for pool type 5
[LOG] SystemI::createSoundInternal             : Format has 1 subsounds.
[LOG] SystemI::createSoundInternal             : Create as FMOD_CREATESAMPLE
[LOG] SystemI::createSoundInternal             : Multi-sample sound (1 subsounds), create a sample container.
[LOG] SystemI::createSoundInternal             : creating subsound 0/1
[LOG] SystemI::createSample                    : mode 02000202 length 52384 samples, lengthbytes 10592
[LOG] SystemI::createSample                    : channels = 2
[LOG] SystemI::createSample                    : output = 0000000060505F08
[LOG] OutputSoftware::createSample             : lengthpcm 52384, lengthbytes 10592, channels 2, format 2, freq 48000, mode 0200020a
[LOG] SystemI::createSoundInternal             : No name found in file, use filename.
[LOG] SystemI::createSoundInternal             : done.  OpenState now = FMOD_OPENSTATE_READY.

[LOG] SystemI::createSoundInternal             : filename =  : mode 02000202
[LOG] SystemI::createSoundInternal             : exinfo->cbsize             = 232
[LOG] SystemI::createSoundInternal             : exinfo->length             = 17500640
[LOG] SystemI::createSoundInternal             : exinfo->fileoffset         = 51968
[LOG] SystemI::createSoundInternal             : exinfo->numsubsounds       = 1
[LOG] SystemI::createSoundInternal             : exinfo->inclusionlist      = 000000007D95F5FC
[LOG] SystemI::createSoundInternal             : exinfo->inclusionlistnum   = 1
[LOG] SystemI::createSoundInternal             : exinfo->suggestedsoundtype = 5
[LOG] SystemI::createSoundInternal             : exinfo->useropen           = 00007FFF4B335C70
[LOG] SystemI::createSoundInternal             : exinfo->userclose          = 00007FFF4B335C40
[LOG] SystemI::createSoundInternal             : exinfo->userread           = 00007FFF4B335D40
[LOG] SystemI::createSoundInternal             : exinfo->userseek           = 00007FFF4B335DF0
[LOG] SystemI::createSoundInternal             : exinfo->fileuserdata       = 000000005FBCF458
[LOG] SystemI::createSoundInternal             : exinfo->initialseekpostype = 1
[LOG] SystemI::DSPCodecPoolRegister            : register codec pool for pool type 5
[LOG] SystemI::createSoundInternal             : Format has 1 subsounds.
[LOG] SystemI::createSoundInternal             : Create as FMOD_CREATESAMPLE
[LOG] SystemI::createSoundInternal             : Multi-sample sound (1 subsounds), create a sample container.
[LOG] SystemI::createSoundInternal             : creating subsound 0/1
[LOG] SystemI::createSample                    : mode 02000202 length 52384 samples, lengthbytes 10880
[LOG] SystemI::createSample                    : channels = 2
[LOG] SystemI::createSample                    : output = 0000000060505F08
[LOG] OutputSoftware::createSample             : lengthpcm 52384, lengthbytes 10880, channels 2, format 2, freq 48000, mode 0200020a
[LOG] SystemI::createSoundInternal             : No name found in file, use filename.
[LOG] SystemI::createSoundInternal             : done.  OpenState now = FMOD_OPENSTATE_READY.

[LOG] SystemI::createSoundInternal             : filename =  : mode 02000202
[LOG] SystemI::createSoundInternal             : exinfo->cbsize             = 232
[LOG] SystemI::createSoundInternal             : exinfo->length             = 17500640
[LOG] SystemI::createSoundInternal             : exinfo->fileoffset         = 51968
[LOG] SystemI::createSoundInternal             : exinfo->numsubsounds       = 1
[LOG] SystemI::createSoundInternal             : exinfo->inclusionlist      = 000000007D95F5FC
[LOG] SystemI::createSoundInternal             : exinfo->inclusionlistnum   = 1
[LOG] SystemI::createSoundInternal             : exinfo->suggestedsoundtype = 5
[LOG] SystemI::createSoundInternal             : exinfo->useropen           = 00007FFF4B335C70
[LOG] SystemI::createSoundInternal             : exinfo->userclose          = 00007FFF4B335C40
[LOG] SystemI::createSoundInternal             : exinfo->userread           = 00007FFF4B335D40
[LOG] SystemI::createSoundInternal             : exinfo->userseek           = 00007FFF4B335DF0
[LOG] SystemI::createSoundInternal             : exinfo->fileuserdata       = 000000005FBCF458
[LOG] SystemI::createSoundInternal             : exinfo->initialseekpostype = 1
[LOG] SystemI::DSPCodecPoolRegister            : register codec pool for pool type 5
[LOG] SystemI::createSoundInternal             : Format has 1 subsounds.
[LOG] SystemI::createSoundInternal             : Create as FMOD_CREATESAMPLE
[LOG] SystemI::createSoundInternal             : Multi-sample sound (1 subsounds), create a sample container.
[LOG] SystemI::createSoundInternal             : creating subsound 0/1
[LOG] SystemI::createSample                    : mode 02000202 length 32600 samples, lengthbytes 6688
[LOG] SystemI::createSample                    : channels = 2
[LOG] SystemI::createSample                    : output = 0000000060505F08
[LOG] OutputSoftware::createSample             : lengthpcm 32600, lengthbytes 6688, channels 2, format 2, freq 48000, mode 0200020a
[LOG] SystemI::createSoundInternal             : No name found in file, use filename.
[LOG] SystemI::createSoundInternal             : done.  OpenState now = FMOD_OPENSTATE_READY.

[LOG] Thread::initThread                       : Init FMOD profiler thread (recv). Priority: 0, Stack Size: 131072, Semaphore: No, Sleep Time: 0, Looping: No.
[LOG] Thread::initThread                       : Init FMOD profiler thread (send). Priority: 0, Stack Size: 131072, Semaphore: No, Sleep Time: 0, Looping: No.
[LOG] LiveUpdate::clientConnected              : client = 000000009FC18658
[LOG] LiveUpdate::readPacket                   : Accepting init message for client 000000009FC18658
[LOG] LiveUpdate::transitionToConnected        : 
[LOG] Manager::sendConnectTimeHash             : 
[LOG] LiveUpdate::sendBankHash                 : 
[LOG] LiveUpdate::sendBankHash                 : 
[LOG] LiveUpdate::sendBankHash                 : 
[LOG] LiveUpdate::acceptInitPacket             : Client 000000009FC18658 connected, entering connected state
[LOG] Manager::receiveLiveUpdateBank           : Received live update bank path: fmod:///remote/C:/Users/Jitzu-01/AppData/Local/FMOD Studio/UnsavedProjects/Hotswap-Ip5Vs5/hotswap_24.bank
[LOG] ProfileRemoteFile::fileOpen              : Attemping to open remote file 'C:/Users/Jitzu-01/AppData/Local/FMOD Studio/UnsavedProjects/Hotswap-Ip5Vs5/hotswap_24.bank'
[LOG] Manager::readBank                        : fileversion = 99, compatVersion = 99 (oldest = 44, newest = 99)
[LOG] Manager::receiveLiveUpdateBank           : Received live update bank path: fmod:///remote/C:/Users/Jitzu-01/AppData/Local/FMOD Studio/UnsavedProjects/Hotswap-Ip5Vs5/hotswap_25.bank
[LOG] ProfileRemoteFile::fileOpen              : Attemping to open remote file 'C:/Users/Jitzu-01/AppData/Local/FMOD Studio/UnsavedProjects/Hotswap-Ip5Vs5/hotswap_25.bank'
[LOG] Manager::readBank                        : fileversion = 99, compatVersion = 99 (oldest = 44, newest = 99)
[LOG] Manager::receiveLiveUpdateBank           : Received live update bank path: fmod:///remote/C:/Users/Jitzu-01/AppData/Local/FMOD Studio/UnsavedProjects/Hotswap-Ip5Vs5/hotswap_26.bank
[LOG] ProfileRemoteFile::fileOpen              : Attemping to open remote file 'C:/Users/Jitzu-01/AppData/Local/FMOD Studio/UnsavedProjects/Hotswap-Ip5Vs5/hotswap_26.bank'
[LOG] Manager::readBank                        : fileversion = 99, compatVersion = 99 (oldest = 44, newest = 99)
[LOG] Manager::receiveLiveUpdateBank           : Received live update bank path: fmod:///remote/C:/Users/Jitzu-01/AppData/Local/FMOD Studio/UnsavedProjects/Hotswap-Ip5Vs5/hotswap_27.bank
[LOG] ProfileRemoteFile::fileOpen              : Attemping to open remote file 'C:/Users/Jitzu-01/AppData/Local/FMOD Studio/UnsavedProjects/Hotswap-Ip5Vs5/hotswap_27.bank'
[LOG] Manager::readBank                        : fileversion = 99, compatVersion = 99 (oldest = 44, newest = 99)
[LOG] Manager::receiveLiveUpdateBank           : Received live update bank path: fmod:///remote/C:/Users/Jitzu-01/AppData/Local/FMOD Studio/UnsavedProjects/Hotswap-Ip5Vs5/hotswap_28.bank
[LOG] ProfileRemoteFile::fileOpen              : Attemping to open remote file 'C:/Users/Jitzu-01/AppData/Local/FMOD Studio/UnsavedProjects/Hotswap-Ip5Vs5/hotswap_28.bank'
[LOG] Manager::readBank                        : fileversion = 99, compatVersion = 99 (oldest = 44, newest = 99)
[LOG] Manager::receiveLiveUpdateBank           : Received live update bank path: fmod:///remote/C:/Users/Jitzu-01/AppData/Local/FMOD Studio/UnsavedProjects/Hotswap-Ip5Vs5/hotswap_29.bank
[LOG] ProfileRemoteFile::fileOpen              : Attemping to open remote file 'C:/Users/Jitzu-01/AppData/Local/FMOD Studio/UnsavedProjects/Hotswap-Ip5Vs5/hotswap_29.bank'
[LOG] Manager::readBank                        : fileversion = 99, compatVersion = 99 (oldest = 44, newest = 99)
[LOG] SoundI::release                          : Ambiente_Patos_Pond (0000000000187098)
[LOG] SoundI::release                          : remove stream samples. (0000000000187098)
[LOG] SoundI::release                          :     Ambiente_Patos_Pond (0000000084810F68)
[LOG] SoundI::release                          :     done
[LOG] SoundI::release                          : release subsounds. (0000000000187098)
[LOG] SoundI::release                          :     Ambiente_Patos_Pond (0000000050F66DA8)
[LOG] SoundI::release                          :     done
[LOG] SoundI::release                          : release codec. (0000000000187098)
[LOG] SoundI::release                          : done
[LOG] SoundI::release                          :  (000000009FCB4298)
[LOG] SoundI::release                          : release subsounds. (000000009FCB4298)
[LOG] SoundI::release                          :     Ambiente_Patos_1 (0000000060065F98)
[LOG] SoundI::release                          :     done
[LOG] SoundI::release                          : release codec. (000000009FCB4298)
[LOG] SoundI::release                          : done
[LOG] SoundI::release                          :  (000000009FCB35A8)
[LOG] SoundI::release                          : release subsounds. (000000009FCB35A8)
[LOG] SoundI::release                          :     Ambiente_Patos_10 (0000000065CB4028)
[LOG] SoundI::release                          :     done
[LOG] SoundI::release                          : release codec. (000000009FCB35A8)
[LOG] SoundI::release                          : done
[LOG] SoundI::release                          :  (000000009FCB6238)
[LOG] SoundI::release                          : release subsounds. (000000009FCB6238)
[LOG] SoundI::release                          :     Ambiente_Patos_11 (0000000065CB28A8)
[LOG] SoundI::release                          :     done
[LOG] SoundI::release                          : release codec. (000000009FCB6238)
[LOG] SoundI::release                          : done
[LOG] SoundI::release                          :  (000000009FCB5F58)
[LOG] SoundI::release                          : release subsounds. (000000009FCB5F58)
[LOG] SoundI::release                          :     Ambiente_Patos_12 (0000000065CB2F28)
[LOG] SoundI::release                          :     done
[LOG] SoundI::release                          : release codec. (000000009FCB5F58)
[LOG] SoundI::release                          : done
[LOG] SoundI::release                          :  (000000009FCB6C48)
[LOG] SoundI::release                          : release subsounds. (000000009FCB6C48)
[LOG] SoundI::release                          :     Ambiente_Patos_13 (0000000060066138)
[LOG] SoundI::release                          :     done
[LOG] SoundI::release                          : release codec. (000000009FCB6C48)
[LOG] SoundI::release                          : done
[LOG] SoundI::release                          :  (000000009FCB5268)
[LOG] SoundI::release                          : release subsounds. (000000009FCB5268)
[LOG] SoundI::release                          :     Ambiente_Patos_14 (0000000060066478)
[LOG] SoundI::release                          :     done
[LOG] SoundI::release                          : release codec. (000000009FCB5268)
[LOG] SoundI::release                          : done
[LOG] SoundI::release                          :  (000000009FCB3B68)
[LOG] SoundI::release                          : release subsounds. (000000009FCB3B68)
[LOG] SoundI::release                          :     Ambiente_Patos_15 (0000000065CB3268)
[LOG] SoundI::release                          :     done
[LOG] SoundI::release                          : release codec. (000000009FCB3B68)
[LOG] SoundI::release                          : done
[LOG] SoundI::release                          :  (000000009FCB5998)
[LOG] SoundI::release                          : release subsounds. (000000009FCB5998)
[LOG] SoundI::release                          :     Ambiente_Patos_16 (0000000050CD26B8)
[LOG] SoundI::release                          :     done
[LOG] SoundI::release                          : release codec. (000000009FCB5998)
[LOG] SoundI::release                          : done
[LOG] SoundI::release                          :  (000000009FCB46E8)
[LOG] SoundI::release                          : release subsounds. (000000009FCB46E8)
[LOG] SoundI::release                          :     Ambiente_Patos_17 (0000000050CD2518)
[LOG] SoundI::release                          :     done
[LOG] SoundI::release                          : release codec. (000000009FCB46E8)
[LOG] SoundI::release                          : done
[LOG] SoundI::release                          :  (000000009FCB4578)
[LOG] SoundI::release                          : release subsounds. (000000009FCB4578)
[LOG] SoundI::release                          :     Ambiente_Patos_18 (0000000065CB2BE8)
[LOG] SoundI::release                          :     done
[LOG] SoundI::release                          : release codec. (000000009FCB4578)
[LOG] SoundI::release                          : done
[LOG] SoundI::release                          :  (000000009FCB3158)
[LOG] SoundI::release                          : release subsounds. (000000009FCB3158)
[LOG] SoundI::release                          :     Ambiente_Patos_19 (0000000065CB3CE8)
[LOG] SoundI::release                          :     done
[LOG] SoundI::release                          : release codec. (000000009FCB3158)
[LOG] SoundI::release                          : done
[LOG] SoundI::release                          :  (000000009FCB63A8)
[LOG] SoundI::release                          : release subsounds. (000000009FCB63A8)
[LOG] SoundI::release                          :     Ambiente_Patos_2 (0000000065CB3E88)
[LOG] SoundI::release                          :     done
[LOG] SoundI::release                          : release codec. (000000009FCB63A8)
[LOG] SoundI::release                          : done
[LOG] SoundI::release                          :  (000000009FCB5B08)
[LOG] SoundI::release                          : release subsounds. (000000009FCB5B08)
[LOG] SoundI::release                          :     Ambiente_Patos_20 (0000000065CB3408)
[LOG] SoundI::release                          :     done
[LOG] SoundI::release                          : release codec. (000000009FCB5B08)
[LOG] SoundI::release                          : done
[LOG] SoundI::release                          :  (000000009FCB5C78)
[LOG] SoundI::release                          : release subsounds. (000000009FCB5C78)
[LOG] SoundI::release                          :     Ambiente_Patos_3 (0000000065CB30C8)
[LOG] SoundI::release                          :     done
[LOG] SoundI::release                          : release codec. (000000009FCB5C78)
[LOG] SoundI::release                          : done
[LOG] SoundI::release                          :  (000000009FCB6AD8)
[LOG] SoundI::release                          : release subsounds. (000000009FCB6AD8)
[LOG] SoundI::release                          :     Ambiente_Patos_4 (0000000065CB2A48)
[LOG] SoundI::release                          :     done
[LOG] SoundI::release                          : release codec. (000000009FCB6AD8)
[LOG] SoundI::release                          : done
[LOG] SoundI::release                          :  (000000009FCB4E18)
[LOG] SoundI::release                          : release subsounds. (000000009FCB4E18)
[LOG] SoundI::release                          :     Ambiente_Patos_5 (0000000065CB2D88)
[LOG] SoundI::release                          :     done
[LOG] SoundI::release                          : release codec. (000000009FCB4E18)
[LOG] SoundI::release                          : done
[LOG] SoundI::release                          :  (000000009FCB5DE8)
[LOG] SoundI::release                          : release subsounds. (000000009FCB5DE8)
[LOG] SoundI::release                          :     Ambiente_Patos_6 (0000000065CB3B48)
[LOG] SoundI::release                          :     done
[LOG] SoundI::release                          : release codec. (000000009FCB5DE8)
[LOG] SoundI::release                          : done
[LOG] SoundI::release                          :  (000000009FCB6968)
[LOG] SoundI::release                          : release subsounds. (000000009FCB6968)
[LOG] SoundI::release                          :     Ambiente_Patos_8 (0000000050CD1E98)
[LOG] SoundI::release                          :     done
[LOG] SoundI::release                          : release codec. (000000009FCB6968)
[LOG] SoundI::release                          : done
[LOG] SoundI::release                          :  (000000009FCB6688)
[LOG] SoundI::release                          : release subsounds. (000000009FCB6688)
[LOG] SoundI::release                          :     Ambiente_Patos_9 (0000000065CB2708)
[LOG] SoundI::release                          :     done
[LOG] SoundI::release                          : release codec. (000000009FCB6688)
[LOG] SoundI::release                          : done
[LOG] SoundI::release                          :  (000000009FCB6DB8)
[LOG] SoundI::release                          : release subsounds. (000000009FCB6DB8)
[LOG] SoundI::release                          :     Ambiente_Patos_7 (00000000600662D8)
[LOG] SoundI::release                          :     done
[LOG] SoundI::release                          : release codec. (000000009FCB6DB8)
[LOG] SoundI::release                          : done
[LOG] Thread::callback                         : FMOD Studio update thread finished.
[LOG] Thread::callback                         : FMOD Studio bank load thread finished.
[LOG] ProfileClient::markForDead               : Closing client connection
[LOG] Profile::disconnectAll                   : Profiler disconnecting all clients
[ERR] FMOD_OS_Net_Read                         : read failed 10004
[LOG] Thread::callback                         : FMOD profiler thread (send) finished.
[ERR] ProfileClient::recvThreadLoopFunction    : Recv thread loop returned 43
[LOG] Thread::callback                         : FMOD profiler thread (recv) finished.
[LOG] Thread::callback                         : FMOD Studio sample load thread finished.
[LOG] LiveUpdate::release                      : 
[LOG] LiveUpdate::reset                        : Reset connection (reason Disconnected)
[LOG] SystemI::close                           : 
[LOG] SystemI::close                           : Stop all sounds
[LOG] Thread::callback                         : FMOD stream thread finished.
[LOG] SystemI::close                           : Stream thread destroyed
[LOG] Thread::callback                         : FMOD mixer thread finished.
[LOG] Profile::disconnectAll                   : Profiler disconnecting all clients
[LOG] SystemI::close                           : Free master channel group.
[LOG] SystemI::close                           : Remove 'master' sound group.
[LOG] SystemI::close                           : Free software output.
[LOG] SystemI::close                           : Free emulated output.
[LOG] SystemI::close                           : Free channel pool.
[LOG] SystemI::close                           : done.

